{"numFailedTestSuites":2,"numFailedTests":24,"numPassedTestSuites":8,"numPassedTests":44,"numPendingTestSuites":3,"numPendingTests":28,"numRuntimeErrorTestSuites":0,"numTodoTests":0,"numTotalTestSuites":13,"numTotalTests":96,"openHandles":[],"snapshot":{"added":0,"didUpdate":false,"failure":false,"filesAdded":0,"filesRemoved":0,"filesRemovedList":[],"filesUnmatched":0,"filesUpdated":0,"matched":0,"total":0,"unchecked":0,"uncheckedKeysByFile":[],"unmatched":0,"updated":0},"startTime":1775513155407,"success":false,"testResults":[{"assertionResults":[{"ancestorTitles":["SpaceExportBaseProject disposal limits without rendered UI"],"duration":9,"failing":false,"failureDetails":[],"failureMessages":[],"fullName":"SpaceExportBaseProject disposal limits without rendered UI applies atmospheric pressure limits even when projectElements are missing","invocations":1,"location":null,"numPassingAsserts":3,"retryReasons":[],"startAt":1775513156239,"status":"passed","title":"applies atmospheric pressure limits even when projectElements are missing"},{"ancestorTitles":["SpaceExportBaseProject disposal limits without rendered UI"],"duration":1,"failing":false,"failureDetails":[],"failureMessages":[],"fullName":"SpaceExportBaseProject disposal limits without rendered UI does not let UI metadata override disposal phase logic","invocations":1,"location":null,"numPassingAsserts":2,"retryReasons":[],"startAt":1775513156248,"status":"passed","title":"does not let UI metadata override disposal phase logic"}],"endTime":1775513156249,"message":"","name":"C:\\Users\\gabri\\Documents\\Terraforming Titans\\__tests__\\space-export-base-disposal-limits.test.js","startTime":1775513155737,"status":"passed","summary":""},{"assertionResults":[{"ancestorTitles":["Project automation visibility"],"duration":7,"failing":false,"failureDetails":[],"failureMessages":[],"fullName":"Project automation visibility keeps Artificial Crust in the project automation picker after visiting a molten world","invocations":1,"location":null,"numPassingAsserts":3,"retryReasons":[],"startAt":1775513156265,"status":"passed","title":"keeps Artificial Crust in the project automation picker after visiting a molten world"},{"ancestorTitles":["Project automation visibility"],"duration":1,"failing":false,"failureDetails":[],"failureMessages":[],"fullName":"Project automation visibility normalizes legacy ever-enabled project names back to project ids","invocations":1,"location":null,"numPassingAsserts":2,"retryReasons":[],"startAt":1775513156272,"status":"passed","title":"normalizes legacy ever-enabled project names back to project ids"},{"ancestorTitles":["Project automation visibility"],"duration":1,"failing":false,"failureDetails":[],"failureMessages":[],"fullName":"Project automation visibility keeps preset projects available in the picker even when they are not relevant on the current world","invocations":1,"location":null,"numPassingAsserts":2,"retryReasons":[],"startAt":1775513156273,"status":"passed","title":"keeps preset projects available in the picker even when they are not relevant on the current world"}],"endTime":1775513156275,"message":"","name":"C:\\Users\\gabri\\Documents\\Terraforming Titans\\__tests__\\project-automation-visibility.test.js","startTime":1775513155735,"status":"passed","summary":""},{"assertionResults":[{"ancestorTitles":["SpaceMiningProject pressure limiter with life buffer"],"duration":8,"failing":false,"failureDetails":[],"failureMessages":[],"fullName":"SpaceMiningProject pressure limiter with life buffer stays 1 Pa below target buffer after life consumes 100 Pa from a low-CO2 start in continuous tick order","invocations":1,"location":null,"numPassingAsserts":7,"retryReasons":[],"startAt":1775513156271,"status":"passed","title":"stays 1 Pa below target buffer after life consumes 100 Pa from a low-CO2 start in continuous tick order"},{"ancestorTitles":["SpaceMiningProject pressure limiter with life buffer"],"duration":1,"failing":false,"failureDetails":[],"failureMessages":[],"fullName":"SpaceMiningProject pressure limiter with life buffer uses life ideal demand instead of current limited consumption for continuous pressure buffering","invocations":1,"location":null,"numPassingAsserts":1,"retryReasons":[],"startAt":1775513156279,"status":"passed","title":"uses life ideal demand instead of current limited consumption for continuous pressure buffering"}],"endTime":1775513156281,"message":"","name":"C:\\Users\\gabri\\Documents\\Terraforming Titans\\__tests__\\space-mining-pressure-buffer.test.js","startTime":1775513155735,"status":"passed","summary":""},{"assertionResults":[{"ancestorTitles":["Spaceship automation scenarios"],"duration":6,"failing":false,"failureDetails":[],"failureMessages":[],"fullName":"Spaceship automation scenarios splits 10M ships to mining and 1M mass drivers to disposal in mixed weighted step","invocations":1,"location":null,"numPassingAsserts":4,"retryReasons":[],"startAt":1775513156275,"status":"passed","title":"splits 10M ships to mining and 1M mass drivers to disposal in mixed weighted step"},{"ancestorTitles":["Spaceship automation scenarios"],"duration":1,"failing":false,"failureDetails":[],"failureMessages":[],"fullName":"Spaceship automation scenarios does not let mass-driver capacity inflate ship weighting in mixed steps","invocations":1,"location":null,"numPassingAsserts":3,"retryReasons":[],"startAt":1775513156281,"status":"passed","title":"does not let mass-driver capacity inflate ship weighting in mixed steps"},{"ancestorTitles":["Spaceship automation scenarios"],"duration":0,"failing":false,"failureDetails":[],"failureMessages":[],"fullName":"Spaceship automation scenarios release if disabled false keeps current assignment on disabled project","invocations":1,"location":null,"numPassingAsserts":2,"retryReasons":[],"startAt":1775513156282,"status":"passed","title":"release if disabled false keeps current assignment on disabled project"},{"ancestorTitles":["Spaceship automation scenarios"],"duration":1,"failing":false,"failureDetails":[],"failureMessages":[],"fullName":"Spaceship automation scenarios release if disabled true releases ships from disabled project","invocations":1,"location":null,"numPassingAsserts":2,"retryReasons":[],"startAt":1775513156282,"status":"passed","title":"release if disabled true releases ships from disabled project"},{"ancestorTitles":["Spaceship automation scenarios"],"duration":1,"failing":false,"failureDetails":[],"failureMessages":[],"fullName":"Spaceship automation scenarios cappedMin stops when the smallest weighted max is reached","invocations":1,"location":null,"numPassingAsserts":3,"retryReasons":[],"startAt":1775513156283,"status":"passed","title":"cappedMin stops when the smallest weighted max is reached"},{"ancestorTitles":["Spaceship automation scenarios"],"duration":0,"failing":false,"failureDetails":[],"failureMessages":[],"fullName":"Spaceship automation scenarios mass-driver-only step can use both ship and mass-driver pools","invocations":1,"location":null,"numPassingAsserts":3,"retryReasons":[],"startAt":1775513156284,"status":"passed","title":"mass-driver-only step can use both ship and mass-driver pools"},{"ancestorTitles":["Spaceship automation scenarios"],"duration":1,"failing":false,"failureDetails":[],"failureMessages":[],"fullName":"Spaceship automation scenarios handles a 3-step allocation plan with deterministic carryover between steps","invocations":1,"location":null,"numPassingAsserts":4,"retryReasons":[],"startAt":1775513156284,"status":"passed","title":"handles a 3-step allocation plan with deterministic carryover between steps"},{"ancestorTitles":["Spaceship automation scenarios"],"duration":0,"failing":false,"failureDetails":[],"failureMessages":[],"fullName":"Spaceship automation scenarios handles a 4-step plan with max caps and preserves leftover ships as unassigned","invocations":1,"location":null,"numPassingAsserts":4,"retryReasons":[],"startAt":1775513156285,"status":"passed","title":"handles a 4-step plan with max caps and preserves leftover ships as unassigned"},{"ancestorTitles":["Spaceship automation scenarios"],"duration":0,"failing":false,"failureDetails":[],"failureMessages":[],"fullName":"Spaceship automation scenarios splits weighted mixed target with 10M ships and 500k mass drivers into 7.5M mining + 2.5M disposal ships + all mass drivers","invocations":1,"location":null,"numPassingAsserts":4,"retryReasons":[],"startAt":1775513156286,"status":"passed","title":"splits weighted mixed target with 10M ships and 500k mass drivers into 7.5M mining + 2.5M disposal ships + all mass drivers"},{"ancestorTitles":["Spaceship automation scenarios"],"duration":1,"failing":false,"failureDetails":[],"failureMessages":[],"fullName":"Spaceship automation scenarios handles 10M ships + 1M mass drivers with equal weights in a mixed step","invocations":1,"location":null,"numPassingAsserts":4,"retryReasons":[],"startAt":1775513156286,"status":"passed","title":"handles 10M ships + 1M mass drivers with equal weights in a mixed step"},{"ancestorTitles":["Spaceship automation scenarios"],"duration":0,"failing":false,"failureDetails":[],"failureMessages":[],"fullName":"Spaceship automation scenarios caps mixed-step mass-driver contribution at ship parity: 10M ships + 10M mass drivers, equal weights","invocations":1,"location":null,"numPassingAsserts":4,"retryReasons":[],"startAt":1775513156287,"status":"passed","title":"caps mixed-step mass-driver contribution at ship parity: 10M ships + 10M mass drivers, equal weights"},{"ancestorTitles":["Spaceship automation scenarios"],"duration":1,"failing":false,"failureDetails":[],"failureMessages":[],"fullName":"Spaceship automation scenarios keeps one-third ships unassigned when hydrogen is disabled but still present in mixed weighted entries","invocations":1,"location":null,"numPassingAsserts":10,"retryReasons":[],"startAt":1775513156287,"status":"passed","title":"keeps one-third ships unassigned when hydrogen is disabled but still present in mixed weighted entries"},{"ancestorTitles":["Spaceship automation scenarios"],"duration":1,"failing":false,"failureDetails":[],"failureMessages":[],"fullName":"Spaceship automation scenarios keeps one-third ship-only allocation with disposal weight 10 and three weight-1 ship targets","invocations":1,"location":null,"numPassingAsserts":7,"retryReasons":[],"startAt":1775513156288,"status":"passed","title":"keeps one-third ship-only allocation with disposal weight 10 and three weight-1 ship targets"},{"ancestorTitles":["Spaceship automation scenarios"],"duration":3,"failing":false,"failureDetails":[],"failureMessages":[],"fullName":"Spaceship automation scenarios splits 500k ships across metal, ice, silica, and unassigned with disposal weight 1 and activates 12.5k mass drivers","invocations":1,"location":null,"numPassingAsserts":6,"retryReasons":[],"startAt":1775513156289,"status":"passed","title":"splits 500k ships across metal, ice, silica, and unassigned with disposal weight 1 and activates 12.5k mass drivers"},{"ancestorTitles":["Spaceship automation scenarios"],"duration":0,"failing":false,"failureDetails":[],"failureMessages":[],"fullName":"Spaceship automation scenarios keeps one-third ships unassigned in fixed assign-amount mixed steps with mass drivers","invocations":1,"location":null,"numPassingAsserts":9,"retryReasons":[],"startAt":1775513156292,"status":"passed","title":"keeps one-third ships unassigned in fixed assign-amount mixed steps with mass drivers"},{"ancestorTitles":["Spaceship automation scenarios"],"duration":1,"failing":false,"failureDetails":[],"failureMessages":[],"fullName":"Spaceship automation scenarios keeps previously seen project targets in the automation dropdown after travel away","invocations":1,"location":null,"numPassingAsserts":4,"retryReasons":[],"startAt":1775513156292,"status":"passed","title":"keeps previously seen project targets in the automation dropdown after travel away"}],"endTime":1775513156294,"message":"","name":"C:\\Users\\gabri\\Documents\\Terraforming Titans\\__tests__\\spaceship-automation.scenarios.test.js","startTime":1775513155739,"status":"passed","summary":""},{"assertionResults":[{"ancestorTitles":["Kessler drag line altitude for low-pressure water-only atmospheres"],"duration":10,"failing":false,"failureDetails":[],"failureMessages":[],"fullName":"Kessler drag line altitude for low-pressure water-only atmospheres matches the current drag-line altitude profile for 1-4 Pa water at 1.1 kW/m^2, 7 m/s^2 gravity, and 220 K","invocations":1,"location":null,"numPassingAsserts":12,"retryReasons":[],"startAt":1775513156273,"status":"passed","title":"matches the current drag-line altitude profile for 1-4 Pa water at 1.1 kW/m^2, 7 m/s^2 gravity, and 220 K"},{"ancestorTitles":["Kessler drag line altitude for low-pressure water-only atmospheres"],"duration":10,"failing":false,"failureDetails":[],"failureMessages":[],"fullName":"Kessler drag line altitude for low-pressure water-only atmospheres keeps drag-line behavior consistent when pressure comes from terraforming.calculateTotalPressure()","invocations":1,"location":null,"numPassingAsserts":20,"retryReasons":[],"startAt":1775513156284,"status":"passed","title":"keeps drag-line behavior consistent when pressure comes from terraforming.calculateTotalPressure()"}],"endTime":1775513156296,"message":"","name":"C:\\Users\\gabri\\Documents\\Terraforming Titans\\__tests__\\kessler-drag-line-water-pressure.test.js","startTime":1775513155734,"status":"passed","summary":""},{"assertionResults":[{"ancestorTitles":["Spaceship scaled cost/gain execution"],"duration":10,"failing":false,"failureDetails":[],"failureMessages":[],"fullName":"Spaceship scaled cost/gain execution applies proportional scaling: { name: 'no limit, full affordability', ratio: 1 }","invocations":1,"location":null,"numPassingAsserts":7,"retryReasons":[],"startAt":1775513156262,"status":"passed","title":"applies proportional scaling: { name: 'no limit, full affordability', ratio: 1 }"},{"ancestorTitles":["Spaceship scaled cost/gain execution"],"duration":1,"failing":false,"failureDetails":[],"failureMessages":[],"fullName":"Spaceship scaled cost/gain execution applies proportional scaling: { name: 'output limit 50%', outputLimitRatio: 0.5, ratio: 0.5 }","invocations":1,"location":null,"numPassingAsserts":7,"retryReasons":[],"startAt":1775513156272,"status":"passed","title":"applies proportional scaling: { name: 'output limit 50%', outputLimitRatio: 0.5, ratio: 0.5 }"},{"ancestorTitles":["Spaceship scaled cost/gain execution"],"duration":2,"failing":false,"failureDetails":[],"failureMessages":[],"fullName":"Spaceship scaled cost/gain execution applies proportional scaling: { name: 'output limit 10%', outputLimitRatio: 0.1, ratio: 0.1 }","invocations":1,"location":null,"numPassingAsserts":7,"retryReasons":[],"startAt":1775513156273,"status":"passed","title":"applies proportional scaling: { name: 'output limit 10%', outputLimitRatio: 0.1, ratio: 0.1 }"},{"ancestorTitles":["Spaceship scaled cost/gain execution"],"duration":1,"failing":false,"failureDetails":[],"failureMessages":[],"fullName":"Spaceship scaled cost/gain execution applies proportional scaling: { name: 'energy shortage 25%', energyAvailable: 500, ratio: 0.25 }","invocations":1,"location":null,"numPassingAsserts":7,"retryReasons":[],"startAt":1775513156275,"status":"passed","title":"applies proportional scaling: { name: 'energy shortage 25%', energyAvailable: 500, ratio: 0.25 }"},{"ancestorTitles":["Spaceship scaled cost/gain execution"],"duration":2,"failing":false,"failureDetails":[],"failureMessages":[],"fullName":"Spaceship scaled cost/gain execution applies proportional scaling: { name: 'metal shortage 25%', metalAvailable: 250, ratio: 0.25 }","invocations":1,"location":null,"numPassingAsserts":7,"retryReasons":[],"startAt":1775513156276,"status":"passed","title":"applies proportional scaling: { name: 'metal shortage 25%', metalAvailable: 250, ratio: 0.25 }"},{"ancestorTitles":["Spaceship scaled cost/gain execution"],"duration":2,"failing":false,"failureDetails":[],"failureMessages":[],"fullName":"Spaceship scaled cost/gain execution applies proportional scaling: {\n  name: 'combined energy+metal shortage (min ratio)',\n  energyAvailable: 800,\n  metalAvailable: 300,\n  ratio: 0.3\n}","invocations":1,"location":null,"numPassingAsserts":7,"retryReasons":[],"startAt":1775513156278,"status":"passed","title":"applies proportional scaling: {\n  name: 'combined energy+metal shortage (min ratio)',\n  energyAvailable: 800,\n  metalAvailable: 300,\n  ratio: 0.3\n}"},{"ancestorTitles":["Spaceship scaled cost/gain execution"],"duration":2,"failing":false,"failureDetails":[],"failureMessages":[],"fullName":"Spaceship scaled cost/gain execution applies proportional scaling: {\n  name: 'disposal shortage 20%',\n  exportResource: 'trash',\n  trashAvailable: 400,\n  ratio: 0.2\n}","invocations":1,"location":null,"numPassingAsserts":9,"retryReasons":[],"startAt":1775513156280,"status":"passed","title":"applies proportional scaling: {\n  name: 'disposal shortage 20%',\n  exportResource: 'trash',\n  trashAvailable: 400,\n  ratio: 0.2\n}"},{"ancestorTitles":["Spaceship scaled cost/gain execution"],"duration":5,"failing":false,"failureDetails":[],"failureMessages":[],"fullName":"Spaceship scaled cost/gain execution applies proportional scaling: {\n  name: 'disposal shortage with positive pending trash',\n  exportResource: 'trash',\n  trashAvailable: 500,\n  pendingTrash: 100,\n  ratio: 0.3\n}","invocations":1,"location":null,"numPassingAsserts":9,"retryReasons":[],"startAt":1775513156282,"status":"passed","title":"applies proportional scaling: {\n  name: 'disposal shortage with positive pending trash',\n  exportResource: 'trash',\n  trashAvailable: 500,\n  pendingTrash: 100,\n  ratio: 0.3\n}"},{"ancestorTitles":["Spaceship scaled cost/gain execution"],"duration":2,"failing":false,"failureDetails":[],"failureMessages":[],"fullName":"Spaceship scaled cost/gain execution applies proportional scaling: {\n  name: 'disposal shares metal with shipment cost (50%)',\n  exportResource: 'metal',\n  metalAvailable: 1500,\n  ratio: 0.5\n}","invocations":1,"location":null,"numPassingAsserts":8,"retryReasons":[],"startAt":1775513156287,"status":"passed","title":"applies proportional scaling: {\n  name: 'disposal shares metal with shipment cost (50%)',\n  exportResource: 'metal',\n  metalAvailable: 1500,\n  ratio: 0.5\n}"},{"ancestorTitles":["Spaceship scaled cost/gain execution"],"duration":2,"failing":false,"failureDetails":[],"failureMessages":[],"fullName":"Spaceship scaled cost/gain execution applies proportional scaling: {\n  name: 'disposal shares metal with shipment cost (80%)',\n  exportResource: 'metal',\n  metalAvailable: 2400,\n  ratio: 0.8\n}","invocations":1,"location":null,"numPassingAsserts":8,"retryReasons":[],"startAt":1775513156289,"status":"passed","title":"applies proportional scaling: {\n  name: 'disposal shares metal with shipment cost (80%)',\n  exportResource: 'metal',\n  metalAvailable: 2400,\n  ratio: 0.8\n}"},{"ancestorTitles":["Spaceship scaled cost/gain execution"],"duration":1,"failing":false,"failureDetails":[],"failureMessages":[],"fullName":"Spaceship scaled cost/gain execution applies proportional scaling: {\n  name: 'pending energy increases effective affordability',\n  energyAvailable: 1000,\n  pendingEnergy: 500,\n  ratio: 0.75\n}","invocations":1,"location":null,"numPassingAsserts":7,"retryReasons":[],"startAt":1775513156291,"status":"passed","title":"applies proportional scaling: {\n  name: 'pending energy increases effective affordability',\n  energyAvailable: 1000,\n  pendingEnergy: 500,\n  ratio: 0.75\n}"},{"ancestorTitles":["Spaceship scaled cost/gain execution"],"duration":1,"failing":false,"failureDetails":[],"failureMessages":[],"fullName":"Spaceship scaled cost/gain execution applies proportional scaling: { name: 'output limit zero', outputLimitRatio: 0, ratio: 0 }","invocations":1,"location":null,"numPassingAsserts":7,"retryReasons":[],"startAt":1775513156292,"status":"passed","title":"applies proportional scaling: { name: 'output limit zero', outputLimitRatio: 0, ratio: 0 }"},{"ancestorTitles":["Spaceship scaled cost/gain execution"],"duration":1,"failing":false,"failureDetails":[],"failureMessages":[],"fullName":"Spaceship scaled cost/gain execution applies proportional scaling: {\n  name: 'productivity scaling under shortage',\n  productivity: 2,\n  energyAvailable: 1000,\n  ratio: 0.25\n}","invocations":1,"location":null,"numPassingAsserts":7,"retryReasons":[],"startAt":1775513156293,"status":"passed","title":"applies proportional scaling: {\n  name: 'productivity scaling under shortage',\n  productivity: 2,\n  energyAvailable: 1000,\n  ratio: 0.25\n}"},{"ancestorTitles":["Spaceship scaled cost/gain execution"],"duration":1,"failing":false,"failureDetails":[],"failureMessages":[],"fullName":"Spaceship scaled cost/gain execution reuses cached continuous estimate for apply in the same tick/context","invocations":1,"location":null,"numPassingAsserts":4,"retryReasons":[],"startAt":1775513156294,"status":"passed","title":"reuses cached continuous estimate for apply in the same tick/context"},{"ancestorTitles":["Spaceship scaled cost/gain execution"],"duration":1,"failing":false,"failureDetails":[],"failureMessages":[],"fullName":"Spaceship scaled cost/gain execution does not collapse gain to zero when productivity is already cost-limited","invocations":1,"location":null,"numPassingAsserts":4,"retryReasons":[],"startAt":1775513156295,"status":"passed","title":"does not collapse gain to zero when productivity is already cost-limited"},{"ancestorTitles":["Spaceship scaled cost/gain execution"],"duration":1,"failing":false,"failureDetails":[],"failureMessages":[],"fullName":"Spaceship scaled cost/gain execution keeps productivity estimate based on unscaled shipment cost only","invocations":1,"location":null,"numPassingAsserts":3,"retryReasons":[],"startAt":1775513156296,"status":"passed","title":"keeps productivity estimate based on unscaled shipment cost only"}],"endTime":1775513156297,"message":"","name":"C:\\Users\\gabri\\Documents\\Terraforming Titans\\__tests__\\spaceship-scaled-execution.test.js","startTime":1775513155736,"status":"passed","summary":""},{"assertionResults":[{"ancestorTitles":["Space building productivity via produceResources"],"duration":33,"failing":false,"failureDetails":[{}],"failureMessages":["ReferenceError: resolveWorldBaseLand is not defined\n    at resolveWorldBaseLand (C:\\Users\\gabri\\Documents\\Terraforming Titans\\src\\js\\resource.js:1016:20)\n    at reconcileLandResourceValue (C:\\Users\\gabri\\Documents\\Terraforming Titans\\src\\js\\resource.js:1263:3)\n    at produceResources (C:\\Users\\gabri\\Documents\\Terraforming Titans\\__tests__\\space-building-productivity.test.js:557:5)\n    at Object.<anonymous> (C:\\Users\\gabri\\Documents\\Terraforming Titans\\node_modules\\jest-each\\build\\index.js:80:140)\n    at Promise.finally.completed (C:\\Users\\gabri\\Documents\\Terraforming Titans\\node_modules\\jest-circus\\build\\jestAdapterInit.js:1557:28)\n    at new Promise (<anonymous>)\n    at callAsyncCircusFn (C:\\Users\\gabri\\Documents\\Terraforming Titans\\node_modules\\jest-circus\\build\\jestAdapterInit.js:1497:10)\n    at _callCircusTest (C:\\Users\\gabri\\Documents\\Terraforming Titans\\node_modules\\jest-circus\\build\\jestAdapterInit.js:1007:40)\n    at processTicksAndRejections (node:internal/process/task_queues:105:5)\n    at _runTest (C:\\Users\\gabri\\Documents\\Terraforming Titans\\node_modules\\jest-circus\\build\\jestAdapterInit.js:947:3)\n    at C:\\Users\\gabri\\Documents\\Terraforming Titans\\node_modules\\jest-circus\\build\\jestAdapterInit.js:849:7\n    at _runTestsForDescribeBlock (C:\\Users\\gabri\\Documents\\Terraforming Titans\\node_modules\\jest-circus\\build\\jestAdapterInit.js:862:11)\n    at _runTestsForDescribeBlock (C:\\Users\\gabri\\Documents\\Terraforming Titans\\node_modules\\jest-circus\\build\\jestAdapterInit.js:857:11)\n    at run (C:\\Users\\gabri\\Documents\\Terraforming Titans\\node_modules\\jest-circus\\build\\jestAdapterInit.js:761:3)\n    at runAndTransformResultsToJestFormat (C:\\Users\\gabri\\Documents\\Terraforming Titans\\node_modules\\jest-circus\\build\\jestAdapterInit.js:1918:21)\n    at jestAdapter (C:\\Users\\gabri\\Documents\\Terraforming Titans\\node_modules\\jest-circus\\build\\runner.js:101:19)\n    at runTestInternal (C:\\Users\\gabri\\Documents\\Terraforming Titans\\node_modules\\jest-runner\\build\\testWorker.js:275:16)\n    at runTest (C:\\Users\\gabri\\Documents\\Terraforming Titans\\node_modules\\jest-runner\\build\\testWorker.js:343:7)\n    at Object.worker (C:\\Users\\gabri\\Documents\\Terraforming Titans\\node_modules\\jest-runner\\build\\testWorker.js:497:12)"],"fullName":"Space building productivity via produceResources Nuclear Alchemical Furnace runs at expected ratio with hydrogen=0","invocations":1,"location":null,"numPassingAsserts":0,"retryReasons":[],"startAt":1775513156220,"status":"failed","title":"Nuclear Alchemical Furnace runs at expected ratio with hydrogen=0"},{"ancestorTitles":["Space building productivity via produceResources"],"duration":2,"failing":false,"failureDetails":[{}],"failureMessages":["ReferenceError: resolveWorldBaseLand is not defined\n    at resolveWorldBaseLand (C:\\Users\\gabri\\Documents\\Terraforming Titans\\src\\js\\resource.js:1016:20)\n    at reconcileLandResourceValue (C:\\Users\\gabri\\Documents\\Terraforming Titans\\src\\js\\resource.js:1263:3)\n    at produceResources (C:\\Users\\gabri\\Documents\\Terraforming Titans\\__tests__\\space-building-productivity.test.js:557:5)\n    at Object.<anonymous> (C:\\Users\\gabri\\Documents\\Terraforming Titans\\node_modules\\jest-each\\build\\index.js:80:140)\n    at Promise.finally.completed (C:\\Users\\gabri\\Documents\\Terraforming Titans\\node_modules\\jest-circus\\build\\jestAdapterInit.js:1557:28)\n    at new Promise (<anonymous>)\n    at callAsyncCircusFn (C:\\Users\\gabri\\Documents\\Terraforming Titans\\node_modules\\jest-circus\\build\\jestAdapterInit.js:1497:10)\n    at _callCircusTest (C:\\Users\\gabri\\Documents\\Terraforming Titans\\node_modules\\jest-circus\\build\\jestAdapterInit.js:1007:40)\n    at processTicksAndRejections (node:internal/process/task_queues:105:5)\n    at _runTest (C:\\Users\\gabri\\Documents\\Terraforming Titans\\node_modules\\jest-circus\\build\\jestAdapterInit.js:947:3)\n    at C:\\Users\\gabri\\Documents\\Terraforming Titans\\node_modules\\jest-circus\\build\\jestAdapterInit.js:849:7\n    at _runTestsForDescribeBlock (C:\\Users\\gabri\\Documents\\Terraforming Titans\\node_modules\\jest-circus\\build\\jestAdapterInit.js:862:11)\n    at _runTestsForDescribeBlock (C:\\Users\\gabri\\Documents\\Terraforming Titans\\node_modules\\jest-circus\\build\\jestAdapterInit.js:857:11)\n    at run (C:\\Users\\gabri\\Documents\\Terraforming Titans\\node_modules\\jest-circus\\build\\jestAdapterInit.js:761:3)\n    at runAndTransformResultsToJestFormat (C:\\Users\\gabri\\Documents\\Terraforming Titans\\node_modules\\jest-circus\\build\\jestAdapterInit.js:1918:21)\n    at jestAdapter (C:\\Users\\gabri\\Documents\\Terraforming Titans\\node_modules\\jest-circus\\build\\runner.js:101:19)\n    at runTestInternal (C:\\Users\\gabri\\Documents\\Terraforming Titans\\node_modules\\jest-runner\\build\\testWorker.js:275:16)\n    at runTest (C:\\Users\\gabri\\Documents\\Terraforming Titans\\node_modules\\jest-runner\\build\\testWorker.js:343:7)\n    at Object.worker (C:\\Users\\gabri\\Documents\\Terraforming Titans\\node_modules\\jest-runner\\build\\testWorker.js:497:12)"],"fullName":"Space building productivity via produceResources Nuclear Alchemical Furnace runs at expected ratio with hydrogen=50","invocations":1,"location":null,"numPassingAsserts":0,"retryReasons":[],"startAt":1775513156292,"status":"failed","title":"Nuclear Alchemical Furnace runs at expected ratio with hydrogen=50"},{"ancestorTitles":["Space building productivity via produceResources"],"duration":2,"failing":false,"failureDetails":[{}],"failureMessages":["ReferenceError: resolveWorldBaseLand is not defined\n    at resolveWorldBaseLand (C:\\Users\\gabri\\Documents\\Terraforming Titans\\src\\js\\resource.js:1016:20)\n    at reconcileLandResourceValue (C:\\Users\\gabri\\Documents\\Terraforming Titans\\src\\js\\resource.js:1263:3)\n    at produceResources (C:\\Users\\gabri\\Documents\\Terraforming Titans\\__tests__\\space-building-productivity.test.js:557:5)\n    at Object.<anonymous> (C:\\Users\\gabri\\Documents\\Terraforming Titans\\node_modules\\jest-each\\build\\index.js:80:140)\n    at Promise.finally.completed (C:\\Users\\gabri\\Documents\\Terraforming Titans\\node_modules\\jest-circus\\build\\jestAdapterInit.js:1557:28)\n    at new Promise (<anonymous>)\n    at callAsyncCircusFn (C:\\Users\\gabri\\Documents\\Terraforming Titans\\node_modules\\jest-circus\\build\\jestAdapterInit.js:1497:10)\n    at _callCircusTest (C:\\Users\\gabri\\Documents\\Terraforming Titans\\node_modules\\jest-circus\\build\\jestAdapterInit.js:1007:40)\n    at processTicksAndRejections (node:internal/process/task_queues:105:5)\n    at _runTest (C:\\Users\\gabri\\Documents\\Terraforming Titans\\node_modules\\jest-circus\\build\\jestAdapterInit.js:947:3)\n    at C:\\Users\\gabri\\Documents\\Terraforming Titans\\node_modules\\jest-circus\\build\\jestAdapterInit.js:849:7\n    at _runTestsForDescribeBlock (C:\\Users\\gabri\\Documents\\Terraforming Titans\\node_modules\\jest-circus\\build\\jestAdapterInit.js:862:11)\n    at _runTestsForDescribeBlock (C:\\Users\\gabri\\Documents\\Terraforming Titans\\node_modules\\jest-circus\\build\\jestAdapterInit.js:857:11)\n    at run (C:\\Users\\gabri\\Documents\\Terraforming Titans\\node_modules\\jest-circus\\build\\jestAdapterInit.js:761:3)\n    at runAndTransformResultsToJestFormat (C:\\Users\\gabri\\Documents\\Terraforming Titans\\node_modules\\jest-circus\\build\\jestAdapterInit.js:1918:21)\n    at jestAdapter (C:\\Users\\gabri\\Documents\\Terraforming Titans\\node_modules\\jest-circus\\build\\runner.js:101:19)\n    at runTestInternal (C:\\Users\\gabri\\Documents\\Terraforming Titans\\node_modules\\jest-runner\\build\\testWorker.js:275:16)\n    at runTest (C:\\Users\\gabri\\Documents\\Terraforming Titans\\node_modules\\jest-runner\\build\\testWorker.js:343:7)\n    at Object.worker (C:\\Users\\gabri\\Documents\\Terraforming Titans\\node_modules\\jest-runner\\build\\testWorker.js:497:12)"],"fullName":"Space building productivity via produceResources Nuclear Alchemical Furnace runs at expected ratio with hydrogen=100","invocations":1,"location":null,"numPassingAsserts":0,"retryReasons":[],"startAt":1775513156295,"status":"failed","title":"Nuclear Alchemical Furnace runs at expected ratio with hydrogen=100"},{"ancestorTitles":["Space building productivity via produceResources"],"duration":3,"failing":false,"failureDetails":[{}],"failureMessages":["ReferenceError: resolveWorldBaseLand is not defined\n    at resolveWorldBaseLand (C:\\Users\\gabri\\Documents\\Terraforming Titans\\src\\js\\resource.js:1016:20)\n    at reconcileLandResourceValue (C:\\Users\\gabri\\Documents\\Terraforming Titans\\src\\js\\resource.js:1263:3)\n    at produceResources (C:\\Users\\gabri\\Documents\\Terraforming Titans\\__tests__\\space-building-productivity.test.js:557:5)\n    at Object.<anonymous> (C:\\Users\\gabri\\Documents\\Terraforming Titans\\node_modules\\jest-each\\build\\index.js:80:140)\n    at Promise.finally.completed (C:\\Users\\gabri\\Documents\\Terraforming Titans\\node_modules\\jest-circus\\build\\jestAdapterInit.js:1557:28)\n    at new Promise (<anonymous>)\n    at callAsyncCircusFn (C:\\Users\\gabri\\Documents\\Terraforming Titans\\node_modules\\jest-circus\\build\\jestAdapterInit.js:1497:10)\n    at _callCircusTest (C:\\Users\\gabri\\Documents\\Terraforming Titans\\node_modules\\jest-circus\\build\\jestAdapterInit.js:1007:40)\n    at processTicksAndRejections (node:internal/process/task_queues:105:5)\n    at _runTest (C:\\Users\\gabri\\Documents\\Terraforming Titans\\node_modules\\jest-circus\\build\\jestAdapterInit.js:947:3)\n    at C:\\Users\\gabri\\Documents\\Terraforming Titans\\node_modules\\jest-circus\\build\\jestAdapterInit.js:849:7\n    at _runTestsForDescribeBlock (C:\\Users\\gabri\\Documents\\Terraforming Titans\\node_modules\\jest-circus\\build\\jestAdapterInit.js:862:11)\n    at _runTestsForDescribeBlock (C:\\Users\\gabri\\Documents\\Terraforming Titans\\node_modules\\jest-circus\\build\\jestAdapterInit.js:857:11)\n    at run (C:\\Users\\gabri\\Documents\\Terraforming Titans\\node_modules\\jest-circus\\build\\jestAdapterInit.js:761:3)\n    at runAndTransformResultsToJestFormat (C:\\Users\\gabri\\Documents\\Terraforming Titans\\node_modules\\jest-circus\\build\\jestAdapterInit.js:1918:21)\n    at jestAdapter (C:\\Users\\gabri\\Documents\\Terraforming Titans\\node_modules\\jest-circus\\build\\runner.js:101:19)\n    at runTestInternal (C:\\Users\\gabri\\Documents\\Terraforming Titans\\node_modules\\jest-runner\\build\\testWorker.js:275:16)\n    at runTest (C:\\Users\\gabri\\Documents\\Terraforming Titans\\node_modules\\jest-runner\\build\\testWorker.js:343:7)\n    at Object.worker (C:\\Users\\gabri\\Documents\\Terraforming Titans\\node_modules\\jest-runner\\build\\testWorker.js:497:12)"],"fullName":"Space building productivity via produceResources Nuclear Alchemical Furnace runs at expected ratio with hydrogen=200","invocations":1,"location":null,"numPassingAsserts":0,"retryReasons":[],"startAt":1775513156297,"status":"failed","title":"Nuclear Alchemical Furnace runs at expected ratio with hydrogen=200"},{"ancestorTitles":["Space building productivity via produceResources"],"duration":2,"failing":false,"failureDetails":[{}],"failureMessages":["ReferenceError: resolveWorldBaseLand is not defined\n    at resolveWorldBaseLand (C:\\Users\\gabri\\Documents\\Terraforming Titans\\src\\js\\resource.js:1016:20)\n    at reconcileLandResourceValue (C:\\Users\\gabri\\Documents\\Terraforming Titans\\src\\js\\resource.js:1263:3)\n    at produceResources (C:\\Users\\gabri\\Documents\\Terraforming Titans\\__tests__\\space-building-productivity.test.js:557:5)\n    at Object.<anonymous> (C:\\Users\\gabri\\Documents\\Terraforming Titans\\node_modules\\jest-each\\build\\index.js:80:140)\n    at Promise.finally.completed (C:\\Users\\gabri\\Documents\\Terraforming Titans\\node_modules\\jest-circus\\build\\jestAdapterInit.js:1557:28)\n    at new Promise (<anonymous>)\n    at callAsyncCircusFn (C:\\Users\\gabri\\Documents\\Terraforming Titans\\node_modules\\jest-circus\\build\\jestAdapterInit.js:1497:10)\n    at _callCircusTest (C:\\Users\\gabri\\Documents\\Terraforming Titans\\node_modules\\jest-circus\\build\\jestAdapterInit.js:1007:40)\n    at processTicksAndRejections (node:internal/process/task_queues:105:5)\n    at _runTest (C:\\Users\\gabri\\Documents\\Terraforming Titans\\node_modules\\jest-circus\\build\\jestAdapterInit.js:947:3)\n    at C:\\Users\\gabri\\Documents\\Terraforming Titans\\node_modules\\jest-circus\\build\\jestAdapterInit.js:849:7\n    at _runTestsForDescribeBlock (C:\\Users\\gabri\\Documents\\Terraforming Titans\\node_modules\\jest-circus\\build\\jestAdapterInit.js:862:11)\n    at _runTestsForDescribeBlock (C:\\Users\\gabri\\Documents\\Terraforming Titans\\node_modules\\jest-circus\\build\\jestAdapterInit.js:857:11)\n    at run (C:\\Users\\gabri\\Documents\\Terraforming Titans\\node_modules\\jest-circus\\build\\jestAdapterInit.js:761:3)\n    at runAndTransformResultsToJestFormat (C:\\Users\\gabri\\Documents\\Terraforming Titans\\node_modules\\jest-circus\\build\\jestAdapterInit.js:1918:21)\n    at jestAdapter (C:\\Users\\gabri\\Documents\\Terraforming Titans\\node_modules\\jest-circus\\build\\runner.js:101:19)\n    at runTestInternal (C:\\Users\\gabri\\Documents\\Terraforming Titans\\node_modules\\jest-runner\\build\\testWorker.js:275:16)\n    at runTest (C:\\Users\\gabri\\Documents\\Terraforming Titans\\node_modules\\jest-runner\\build\\testWorker.js:343:7)\n    at Object.worker (C:\\Users\\gabri\\Documents\\Terraforming Titans\\node_modules\\jest-runner\\build\\testWorker.js:497:12)"],"fullName":"Space building productivity via produceResources Nuclear Alchemical Furnace runs at expected ratio with hydrogen=500","invocations":1,"location":null,"numPassingAsserts":0,"retryReasons":[],"startAt":1775513156300,"status":"failed","title":"Nuclear Alchemical Furnace runs at expected ratio with hydrogen=500"},{"ancestorTitles":["Space building productivity via produceResources"],"duration":2,"failing":false,"failureDetails":[{}],"failureMessages":["ReferenceError: resolveWorldBaseLand is not defined\n    at resolveWorldBaseLand (C:\\Users\\gabri\\Documents\\Terraforming Titans\\src\\js\\resource.js:1016:20)\n    at reconcileLandResourceValue (C:\\Users\\gabri\\Documents\\Terraforming Titans\\src\\js\\resource.js:1263:3)\n    at produceResources (C:\\Users\\gabri\\Documents\\Terraforming Titans\\__tests__\\space-building-productivity.test.js:607:5)\n    at Object.<anonymous> (C:\\Users\\gabri\\Documents\\Terraforming Titans\\node_modules\\jest-each\\build\\index.js:80:140)\n    at Promise.finally.completed (C:\\Users\\gabri\\Documents\\Terraforming Titans\\node_modules\\jest-circus\\build\\jestAdapterInit.js:1557:28)\n    at new Promise (<anonymous>)\n    at callAsyncCircusFn (C:\\Users\\gabri\\Documents\\Terraforming Titans\\node_modules\\jest-circus\\build\\jestAdapterInit.js:1497:10)\n    at _callCircusTest (C:\\Users\\gabri\\Documents\\Terraforming Titans\\node_modules\\jest-circus\\build\\jestAdapterInit.js:1007:40)\n    at processTicksAndRejections (node:internal/process/task_queues:105:5)\n    at _runTest (C:\\Users\\gabri\\Documents\\Terraforming Titans\\node_modules\\jest-circus\\build\\jestAdapterInit.js:947:3)\n    at C:\\Users\\gabri\\Documents\\Terraforming Titans\\node_modules\\jest-circus\\build\\jestAdapterInit.js:849:7\n    at _runTestsForDescribeBlock (C:\\Users\\gabri\\Documents\\Terraforming Titans\\node_modules\\jest-circus\\build\\jestAdapterInit.js:862:11)\n    at _runTestsForDescribeBlock (C:\\Users\\gabri\\Documents\\Terraforming Titans\\node_modules\\jest-circus\\build\\jestAdapterInit.js:857:11)\n    at run (C:\\Users\\gabri\\Documents\\Terraforming Titans\\node_modules\\jest-circus\\build\\jestAdapterInit.js:761:3)\n    at runAndTransformResultsToJestFormat (C:\\Users\\gabri\\Documents\\Terraforming Titans\\node_modules\\jest-circus\\build\\jestAdapterInit.js:1918:21)\n    at jestAdapter (C:\\Users\\gabri\\Documents\\Terraforming Titans\\node_modules\\jest-circus\\build\\runner.js:101:19)\n    at runTestInternal (C:\\Users\\gabri\\Documents\\Terraforming Titans\\node_modules\\jest-runner\\build\\testWorker.js:275:16)\n    at runTest (C:\\Users\\gabri\\Documents\\Terraforming Titans\\node_modules\\jest-runner\\build\\testWorker.js:343:7)\n    at Object.worker (C:\\Users\\gabri\\Documents\\Terraforming Titans\\node_modules\\jest-runner\\build\\testWorker.js:497:12)"],"fullName":"Space building productivity via produceResources Nuclear Alchemical Furnace productivity reflects shared demand (extra=0/s)","invocations":1,"location":null,"numPassingAsserts":0,"retryReasons":[],"startAt":1775513156303,"status":"failed","title":"Nuclear Alchemical Furnace productivity reflects shared demand (extra=0/s)"},{"ancestorTitles":["Space building productivity via produceResources"],"duration":2,"failing":false,"failureDetails":[{}],"failureMessages":["ReferenceError: resolveWorldBaseLand is not defined\n    at resolveWorldBaseLand (C:\\Users\\gabri\\Documents\\Terraforming Titans\\src\\js\\resource.js:1016:20)\n    at reconcileLandResourceValue (C:\\Users\\gabri\\Documents\\Terraforming Titans\\src\\js\\resource.js:1263:3)\n    at produceResources (C:\\Users\\gabri\\Documents\\Terraforming Titans\\__tests__\\space-building-productivity.test.js:607:5)\n    at Object.<anonymous> (C:\\Users\\gabri\\Documents\\Terraforming Titans\\node_modules\\jest-each\\build\\index.js:80:140)\n    at Promise.finally.completed (C:\\Users\\gabri\\Documents\\Terraforming Titans\\node_modules\\jest-circus\\build\\jestAdapterInit.js:1557:28)\n    at new Promise (<anonymous>)\n    at callAsyncCircusFn (C:\\Users\\gabri\\Documents\\Terraforming Titans\\node_modules\\jest-circus\\build\\jestAdapterInit.js:1497:10)\n    at _callCircusTest (C:\\Users\\gabri\\Documents\\Terraforming Titans\\node_modules\\jest-circus\\build\\jestAdapterInit.js:1007:40)\n    at processTicksAndRejections (node:internal/process/task_queues:105:5)\n    at _runTest (C:\\Users\\gabri\\Documents\\Terraforming Titans\\node_modules\\jest-circus\\build\\jestAdapterInit.js:947:3)\n    at C:\\Users\\gabri\\Documents\\Terraforming Titans\\node_modules\\jest-circus\\build\\jestAdapterInit.js:849:7\n    at _runTestsForDescribeBlock (C:\\Users\\gabri\\Documents\\Terraforming Titans\\node_modules\\jest-circus\\build\\jestAdapterInit.js:862:11)\n    at _runTestsForDescribeBlock (C:\\Users\\gabri\\Documents\\Terraforming Titans\\node_modules\\jest-circus\\build\\jestAdapterInit.js:857:11)\n    at run (C:\\Users\\gabri\\Documents\\Terraforming Titans\\node_modules\\jest-circus\\build\\jestAdapterInit.js:761:3)\n    at runAndTransformResultsToJestFormat (C:\\Users\\gabri\\Documents\\Terraforming Titans\\node_modules\\jest-circus\\build\\jestAdapterInit.js:1918:21)\n    at jestAdapter (C:\\Users\\gabri\\Documents\\Terraforming Titans\\node_modules\\jest-circus\\build\\runner.js:101:19)\n    at runTestInternal (C:\\Users\\gabri\\Documents\\Terraforming Titans\\node_modules\\jest-runner\\build\\testWorker.js:275:16)\n    at runTest (C:\\Users\\gabri\\Documents\\Terraforming Titans\\node_modules\\jest-runner\\build\\testWorker.js:343:7)\n    at Object.worker (C:\\Users\\gabri\\Documents\\Terraforming Titans\\node_modules\\jest-runner\\build\\testWorker.js:497:12)"],"fullName":"Space building productivity via produceResources Nuclear Alchemical Furnace productivity reflects shared demand (extra=200/s)","invocations":1,"location":null,"numPassingAsserts":0,"retryReasons":[],"startAt":1775513156305,"status":"failed","title":"Nuclear Alchemical Furnace productivity reflects shared demand (extra=200/s)"},{"ancestorTitles":["Space building productivity via produceResources"],"duration":2,"failing":false,"failureDetails":[{}],"failureMessages":["ReferenceError: resolveWorldBaseLand is not defined\n    at resolveWorldBaseLand (C:\\Users\\gabri\\Documents\\Terraforming Titans\\src\\js\\resource.js:1016:20)\n    at reconcileLandResourceValue (C:\\Users\\gabri\\Documents\\Terraforming Titans\\src\\js\\resource.js:1263:3)\n    at produceResources (C:\\Users\\gabri\\Documents\\Terraforming Titans\\__tests__\\space-building-productivity.test.js:607:5)\n    at Object.<anonymous> (C:\\Users\\gabri\\Documents\\Terraforming Titans\\node_modules\\jest-each\\build\\index.js:80:140)\n    at Promise.finally.completed (C:\\Users\\gabri\\Documents\\Terraforming Titans\\node_modules\\jest-circus\\build\\jestAdapterInit.js:1557:28)\n    at new Promise (<anonymous>)\n    at callAsyncCircusFn (C:\\Users\\gabri\\Documents\\Terraforming Titans\\node_modules\\jest-circus\\build\\jestAdapterInit.js:1497:10)\n    at _callCircusTest (C:\\Users\\gabri\\Documents\\Terraforming Titans\\node_modules\\jest-circus\\build\\jestAdapterInit.js:1007:40)\n    at processTicksAndRejections (node:internal/process/task_queues:105:5)\n    at _runTest (C:\\Users\\gabri\\Documents\\Terraforming Titans\\node_modules\\jest-circus\\build\\jestAdapterInit.js:947:3)\n    at C:\\Users\\gabri\\Documents\\Terraforming Titans\\node_modules\\jest-circus\\build\\jestAdapterInit.js:849:7\n    at _runTestsForDescribeBlock (C:\\Users\\gabri\\Documents\\Terraforming Titans\\node_modules\\jest-circus\\build\\jestAdapterInit.js:862:11)\n    at _runTestsForDescribeBlock (C:\\Users\\gabri\\Documents\\Terraforming Titans\\node_modules\\jest-circus\\build\\jestAdapterInit.js:857:11)\n    at run (C:\\Users\\gabri\\Documents\\Terraforming Titans\\node_modules\\jest-circus\\build\\jestAdapterInit.js:761:3)\n    at runAndTransformResultsToJestFormat (C:\\Users\\gabri\\Documents\\Terraforming Titans\\node_modules\\jest-circus\\build\\jestAdapterInit.js:1918:21)\n    at jestAdapter (C:\\Users\\gabri\\Documents\\Terraforming Titans\\node_modules\\jest-circus\\build\\runner.js:101:19)\n    at runTestInternal (C:\\Users\\gabri\\Documents\\Terraforming Titans\\node_modules\\jest-runner\\build\\testWorker.js:275:16)\n    at runTest (C:\\Users\\gabri\\Documents\\Terraforming Titans\\node_modules\\jest-runner\\build\\testWorker.js:343:7)\n    at Object.worker (C:\\Users\\gabri\\Documents\\Terraforming Titans\\node_modules\\jest-runner\\build\\testWorker.js:497:12)"],"fullName":"Space building productivity via produceResources Nuclear Alchemical Furnace productivity reflects shared demand (extra=600/s)","invocations":1,"location":null,"numPassingAsserts":0,"retryReasons":[],"startAt":1775513156307,"status":"failed","title":"Nuclear Alchemical Furnace productivity reflects shared demand (extra=600/s)"},{"ancestorTitles":["Space building productivity via produceResources"],"duration":2,"failing":false,"failureDetails":[{}],"failureMessages":["ReferenceError: resolveWorldBaseLand is not defined\n    at resolveWorldBaseLand (C:\\Users\\gabri\\Documents\\Terraforming Titans\\src\\js\\resource.js:1016:20)\n    at reconcileLandResourceValue (C:\\Users\\gabri\\Documents\\Terraforming Titans\\src\\js\\resource.js:1263:3)\n    at Object.produceResources (C:\\Users\\gabri\\Documents\\Terraforming Titans\\__tests__\\space-building-productivity.test.js:646:5)\n    at Promise.finally.completed (C:\\Users\\gabri\\Documents\\Terraforming Titans\\node_modules\\jest-circus\\build\\jestAdapterInit.js:1557:28)\n    at new Promise (<anonymous>)\n    at callAsyncCircusFn (C:\\Users\\gabri\\Documents\\Terraforming Titans\\node_modules\\jest-circus\\build\\jestAdapterInit.js:1497:10)\n    at _callCircusTest (C:\\Users\\gabri\\Documents\\Terraforming Titans\\node_modules\\jest-circus\\build\\jestAdapterInit.js:1007:40)\n    at processTicksAndRejections (node:internal/process/task_queues:105:5)\n    at _runTest (C:\\Users\\gabri\\Documents\\Terraforming Titans\\node_modules\\jest-circus\\build\\jestAdapterInit.js:947:3)\n    at C:\\Users\\gabri\\Documents\\Terraforming Titans\\node_modules\\jest-circus\\build\\jestAdapterInit.js:849:7\n    at _runTestsForDescribeBlock (C:\\Users\\gabri\\Documents\\Terraforming Titans\\node_modules\\jest-circus\\build\\jestAdapterInit.js:862:11)\n    at _runTestsForDescribeBlock (C:\\Users\\gabri\\Documents\\Terraforming Titans\\node_modules\\jest-circus\\build\\jestAdapterInit.js:857:11)\n    at run (C:\\Users\\gabri\\Documents\\Terraforming Titans\\node_modules\\jest-circus\\build\\jestAdapterInit.js:761:3)\n    at runAndTransformResultsToJestFormat (C:\\Users\\gabri\\Documents\\Terraforming Titans\\node_modules\\jest-circus\\build\\jestAdapterInit.js:1918:21)\n    at jestAdapter (C:\\Users\\gabri\\Documents\\Terraforming Titans\\node_modules\\jest-circus\\build\\runner.js:101:19)\n    at runTestInternal (C:\\Users\\gabri\\Documents\\Terraforming Titans\\node_modules\\jest-runner\\build\\testWorker.js:275:16)\n    at runTest (C:\\Users\\gabri\\Documents\\Terraforming Titans\\node_modules\\jest-runner\\build\\testWorker.js:343:7)\n    at Object.worker (C:\\Users\\gabri\\Documents\\Terraforming Titans\\node_modules\\jest-runner\\build\\testWorker.js:497:12)"],"fullName":"Space building productivity via produceResources Nuclear Alchemical Furnace operation productivity is based on operation demand, not expansion demand","invocations":1,"location":null,"numPassingAsserts":0,"retryReasons":[],"startAt":1775513156310,"status":"failed","title":"Nuclear Alchemical Furnace operation productivity is based on operation demand, not expansion demand"},{"ancestorTitles":["Space building productivity via produceResources"],"duration":3,"failing":false,"failureDetails":[{}],"failureMessages":["ReferenceError: resolveWorldBaseLand is not defined\n    at resolveWorldBaseLand (C:\\Users\\gabri\\Documents\\Terraforming Titans\\src\\js\\resource.js:1016:20)\n    at reconcileLandResourceValue (C:\\Users\\gabri\\Documents\\Terraforming Titans\\src\\js\\resource.js:1263:3)\n    at produceResources (C:\\Users\\gabri\\Documents\\Terraforming Titans\\__tests__\\space-building-productivity.test.js:703:5)\n    at Object.<anonymous> (C:\\Users\\gabri\\Documents\\Terraforming Titans\\node_modules\\jest-each\\build\\index.js:80:140)\n    at Promise.finally.completed (C:\\Users\\gabri\\Documents\\Terraforming Titans\\node_modules\\jest-circus\\build\\jestAdapterInit.js:1557:28)\n    at new Promise (<anonymous>)\n    at callAsyncCircusFn (C:\\Users\\gabri\\Documents\\Terraforming Titans\\node_modules\\jest-circus\\build\\jestAdapterInit.js:1497:10)\n    at _callCircusTest (C:\\Users\\gabri\\Documents\\Terraforming Titans\\node_modules\\jest-circus\\build\\jestAdapterInit.js:1007:40)\n    at processTicksAndRejections (node:internal/process/task_queues:105:5)\n    at _runTest (C:\\Users\\gabri\\Documents\\Terraforming Titans\\node_modules\\jest-circus\\build\\jestAdapterInit.js:947:3)\n    at C:\\Users\\gabri\\Documents\\Terraforming Titans\\node_modules\\jest-circus\\build\\jestAdapterInit.js:849:7\n    at _runTestsForDescribeBlock (C:\\Users\\gabri\\Documents\\Terraforming Titans\\node_modules\\jest-circus\\build\\jestAdapterInit.js:862:11)\n    at _runTestsForDescribeBlock (C:\\Users\\gabri\\Documents\\Terraforming Titans\\node_modules\\jest-circus\\build\\jestAdapterInit.js:857:11)\n    at run (C:\\Users\\gabri\\Documents\\Terraforming Titans\\node_modules\\jest-circus\\build\\jestAdapterInit.js:761:3)\n    at runAndTransformResultsToJestFormat (C:\\Users\\gabri\\Documents\\Terraforming Titans\\node_modules\\jest-circus\\build\\jestAdapterInit.js:1918:21)\n    at jestAdapter (C:\\Users\\gabri\\Documents\\Terraforming Titans\\node_modules\\jest-circus\\build\\runner.js:101:19)\n    at runTestInternal (C:\\Users\\gabri\\Documents\\Terraforming Titans\\node_modules\\jest-runner\\build\\testWorker.js:275:16)\n    at runTest (C:\\Users\\gabri\\Documents\\Terraforming Titans\\node_modules\\jest-runner\\build\\testWorker.js:343:7)\n    at Object.worker (C:\\Users\\gabri\\Documents\\Terraforming Titans\\node_modules\\jest-runner\\build\\testWorker.js:497:12)"],"fullName":"Space building productivity via produceResources Manufacturing World superalloy recipe runs at expected ratio with metal=0","invocations":1,"location":null,"numPassingAsserts":0,"retryReasons":[],"startAt":1775513156312,"status":"failed","title":"Manufacturing World superalloy recipe runs at expected ratio with metal=0"},{"ancestorTitles":["Space building productivity via produceResources"],"duration":2,"failing":false,"failureDetails":[{}],"failureMessages":["ReferenceError: resolveWorldBaseLand is not defined\n    at resolveWorldBaseLand (C:\\Users\\gabri\\Documents\\Terraforming Titans\\src\\js\\resource.js:1016:20)\n    at reconcileLandResourceValue (C:\\Users\\gabri\\Documents\\Terraforming Titans\\src\\js\\resource.js:1263:3)\n    at produceResources (C:\\Users\\gabri\\Documents\\Terraforming Titans\\__tests__\\space-building-productivity.test.js:703:5)\n    at Object.<anonymous> (C:\\Users\\gabri\\Documents\\Terraforming Titans\\node_modules\\jest-each\\build\\index.js:80:140)\n    at Promise.finally.completed (C:\\Users\\gabri\\Documents\\Terraforming Titans\\node_modules\\jest-circus\\build\\jestAdapterInit.js:1557:28)\n    at new Promise (<anonymous>)\n    at callAsyncCircusFn (C:\\Users\\gabri\\Documents\\Terraforming Titans\\node_modules\\jest-circus\\build\\jestAdapterInit.js:1497:10)\n    at _callCircusTest (C:\\Users\\gabri\\Documents\\Terraforming Titans\\node_modules\\jest-circus\\build\\jestAdapterInit.js:1007:40)\n    at processTicksAndRejections (node:internal/process/task_queues:105:5)\n    at _runTest (C:\\Users\\gabri\\Documents\\Terraforming Titans\\node_modules\\jest-circus\\build\\jestAdapterInit.js:947:3)\n    at C:\\Users\\gabri\\Documents\\Terraforming Titans\\node_modules\\jest-circus\\build\\jestAdapterInit.js:849:7\n    at _runTestsForDescribeBlock (C:\\Users\\gabri\\Documents\\Terraforming Titans\\node_modules\\jest-circus\\build\\jestAdapterInit.js:862:11)\n    at _runTestsForDescribeBlock (C:\\Users\\gabri\\Documents\\Terraforming Titans\\node_modules\\jest-circus\\build\\jestAdapterInit.js:857:11)\n    at run (C:\\Users\\gabri\\Documents\\Terraforming Titans\\node_modules\\jest-circus\\build\\jestAdapterInit.js:761:3)\n    at runAndTransformResultsToJestFormat (C:\\Users\\gabri\\Documents\\Terraforming Titans\\node_modules\\jest-circus\\build\\jestAdapterInit.js:1918:21)\n    at jestAdapter (C:\\Users\\gabri\\Documents\\Terraforming Titans\\node_modules\\jest-circus\\build\\runner.js:101:19)\n    at runTestInternal (C:\\Users\\gabri\\Documents\\Terraforming Titans\\node_modules\\jest-runner\\build\\testWorker.js:275:16)\n    at runTest (C:\\Users\\gabri\\Documents\\Terraforming Titans\\node_modules\\jest-runner\\build\\testWorker.js:343:7)\n    at Object.worker (C:\\Users\\gabri\\Documents\\Terraforming Titans\\node_modules\\jest-runner\\build\\testWorker.js:497:12)"],"fullName":"Space building productivity via produceResources Manufacturing World superalloy recipe runs at expected ratio with metal=50","invocations":1,"location":null,"numPassingAsserts":0,"retryReasons":[],"startAt":1775513156315,"status":"failed","title":"Manufacturing World superalloy recipe runs at expected ratio with metal=50"},{"ancestorTitles":["Space building productivity via produceResources"],"duration":2,"failing":false,"failureDetails":[{}],"failureMessages":["ReferenceError: resolveWorldBaseLand is not defined\n    at resolveWorldBaseLand (C:\\Users\\gabri\\Documents\\Terraforming Titans\\src\\js\\resource.js:1016:20)\n    at reconcileLandResourceValue (C:\\Users\\gabri\\Documents\\Terraforming Titans\\src\\js\\resource.js:1263:3)\n    at produceResources (C:\\Users\\gabri\\Documents\\Terraforming Titans\\__tests__\\space-building-productivity.test.js:703:5)\n    at Object.<anonymous> (C:\\Users\\gabri\\Documents\\Terraforming Titans\\node_modules\\jest-each\\build\\index.js:80:140)\n    at Promise.finally.completed (C:\\Users\\gabri\\Documents\\Terraforming Titans\\node_modules\\jest-circus\\build\\jestAdapterInit.js:1557:28)\n    at new Promise (<anonymous>)\n    at callAsyncCircusFn (C:\\Users\\gabri\\Documents\\Terraforming Titans\\node_modules\\jest-circus\\build\\jestAdapterInit.js:1497:10)\n    at _callCircusTest (C:\\Users\\gabri\\Documents\\Terraforming Titans\\node_modules\\jest-circus\\build\\jestAdapterInit.js:1007:40)\n    at processTicksAndRejections (node:internal/process/task_queues:105:5)\n    at _runTest (C:\\Users\\gabri\\Documents\\Terraforming Titans\\node_modules\\jest-circus\\build\\jestAdapterInit.js:947:3)\n    at C:\\Users\\gabri\\Documents\\Terraforming Titans\\node_modules\\jest-circus\\build\\jestAdapterInit.js:849:7\n    at _runTestsForDescribeBlock (C:\\Users\\gabri\\Documents\\Terraforming Titans\\node_modules\\jest-circus\\build\\jestAdapterInit.js:862:11)\n    at _runTestsForDescribeBlock (C:\\Users\\gabri\\Documents\\Terraforming Titans\\node_modules\\jest-circus\\build\\jestAdapterInit.js:857:11)\n    at run (C:\\Users\\gabri\\Documents\\Terraforming Titans\\node_modules\\jest-circus\\build\\jestAdapterInit.js:761:3)\n    at runAndTransformResultsToJestFormat (C:\\Users\\gabri\\Documents\\Terraforming Titans\\node_modules\\jest-circus\\build\\jestAdapterInit.js:1918:21)\n    at jestAdapter (C:\\Users\\gabri\\Documents\\Terraforming Titans\\node_modules\\jest-circus\\build\\runner.js:101:19)\n    at runTestInternal (C:\\Users\\gabri\\Documents\\Terraforming Titans\\node_modules\\jest-runner\\build\\testWorker.js:275:16)\n    at runTest (C:\\Users\\gabri\\Documents\\Terraforming Titans\\node_modules\\jest-runner\\build\\testWorker.js:343:7)\n    at Object.worker (C:\\Users\\gabri\\Documents\\Terraforming Titans\\node_modules\\jest-runner\\build\\testWorker.js:497:12)"],"fullName":"Space building productivity via produceResources Manufacturing World superalloy recipe runs at expected ratio with metal=100","invocations":1,"location":null,"numPassingAsserts":0,"retryReasons":[],"startAt":1775513156317,"status":"failed","title":"Manufacturing World superalloy recipe runs at expected ratio with metal=100"},{"ancestorTitles":["Space building productivity via produceResources"],"duration":4,"failing":false,"failureDetails":[{}],"failureMessages":["ReferenceError: resolveWorldBaseLand is not defined\n    at resolveWorldBaseLand (C:\\Users\\gabri\\Documents\\Terraforming Titans\\src\\js\\resource.js:1016:20)\n    at reconcileLandResourceValue (C:\\Users\\gabri\\Documents\\Terraforming Titans\\src\\js\\resource.js:1263:3)\n    at produceResources (C:\\Users\\gabri\\Documents\\Terraforming Titans\\__tests__\\space-building-productivity.test.js:703:5)\n    at Object.<anonymous> (C:\\Users\\gabri\\Documents\\Terraforming Titans\\node_modules\\jest-each\\build\\index.js:80:140)\n    at Promise.finally.completed (C:\\Users\\gabri\\Documents\\Terraforming Titans\\node_modules\\jest-circus\\build\\jestAdapterInit.js:1557:28)\n    at new Promise (<anonymous>)\n    at callAsyncCircusFn (C:\\Users\\gabri\\Documents\\Terraforming Titans\\node_modules\\jest-circus\\build\\jestAdapterInit.js:1497:10)\n    at _callCircusTest (C:\\Users\\gabri\\Documents\\Terraforming Titans\\node_modules\\jest-circus\\build\\jestAdapterInit.js:1007:40)\n    at processTicksAndRejections (node:internal/process/task_queues:105:5)\n    at _runTest (C:\\Users\\gabri\\Documents\\Terraforming Titans\\node_modules\\jest-circus\\build\\jestAdapterInit.js:947:3)\n    at C:\\Users\\gabri\\Documents\\Terraforming Titans\\node_modules\\jest-circus\\build\\jestAdapterInit.js:849:7\n    at _runTestsForDescribeBlock (C:\\Users\\gabri\\Documents\\Terraforming Titans\\node_modules\\jest-circus\\build\\jestAdapterInit.js:862:11)\n    at _runTestsForDescribeBlock (C:\\Users\\gabri\\Documents\\Terraforming Titans\\node_modules\\jest-circus\\build\\jestAdapterInit.js:857:11)\n    at run (C:\\Users\\gabri\\Documents\\Terraforming Titans\\node_modules\\jest-circus\\build\\jestAdapterInit.js:761:3)\n    at runAndTransformResultsToJestFormat (C:\\Users\\gabri\\Documents\\Terraforming Titans\\node_modules\\jest-circus\\build\\jestAdapterInit.js:1918:21)\n    at jestAdapter (C:\\Users\\gabri\\Documents\\Terraforming Titans\\node_modules\\jest-circus\\build\\runner.js:101:19)\n    at runTestInternal (C:\\Users\\gabri\\Documents\\Terraforming Titans\\node_modules\\jest-runner\\build\\testWorker.js:275:16)\n    at runTest (C:\\Users\\gabri\\Documents\\Terraforming Titans\\node_modules\\jest-runner\\build\\testWorker.js:343:7)\n    at Object.worker (C:\\Users\\gabri\\Documents\\Terraforming Titans\\node_modules\\jest-runner\\build\\testWorker.js:497:12)"],"fullName":"Space building productivity via produceResources Manufacturing World superalloy recipe runs at expected ratio with metal=200","invocations":1,"location":null,"numPassingAsserts":0,"retryReasons":[],"startAt":1775513156320,"status":"failed","title":"Manufacturing World superalloy recipe runs at expected ratio with metal=200"},{"ancestorTitles":["Space building productivity via produceResources"],"duration":2,"failing":false,"failureDetails":[{}],"failureMessages":["ReferenceError: resolveWorldBaseLand is not defined\n    at resolveWorldBaseLand (C:\\Users\\gabri\\Documents\\Terraforming Titans\\src\\js\\resource.js:1016:20)\n    at reconcileLandResourceValue (C:\\Users\\gabri\\Documents\\Terraforming Titans\\src\\js\\resource.js:1263:3)\n    at produceResources (C:\\Users\\gabri\\Documents\\Terraforming Titans\\__tests__\\space-building-productivity.test.js:703:5)\n    at Object.<anonymous> (C:\\Users\\gabri\\Documents\\Terraforming Titans\\node_modules\\jest-each\\build\\index.js:80:140)\n    at Promise.finally.completed (C:\\Users\\gabri\\Documents\\Terraforming Titans\\node_modules\\jest-circus\\build\\jestAdapterInit.js:1557:28)\n    at new Promise (<anonymous>)\n    at callAsyncCircusFn (C:\\Users\\gabri\\Documents\\Terraforming Titans\\node_modules\\jest-circus\\build\\jestAdapterInit.js:1497:10)\n    at _callCircusTest (C:\\Users\\gabri\\Documents\\Terraforming Titans\\node_modules\\jest-circus\\build\\jestAdapterInit.js:1007:40)\n    at processTicksAndRejections (node:internal/process/task_queues:105:5)\n    at _runTest (C:\\Users\\gabri\\Documents\\Terraforming Titans\\node_modules\\jest-circus\\build\\jestAdapterInit.js:947:3)\n    at C:\\Users\\gabri\\Documents\\Terraforming Titans\\node_modules\\jest-circus\\build\\jestAdapterInit.js:849:7\n    at _runTestsForDescribeBlock (C:\\Users\\gabri\\Documents\\Terraforming Titans\\node_modules\\jest-circus\\build\\jestAdapterInit.js:862:11)\n    at _runTestsForDescribeBlock (C:\\Users\\gabri\\Documents\\Terraforming Titans\\node_modules\\jest-circus\\build\\jestAdapterInit.js:857:11)\n    at run (C:\\Users\\gabri\\Documents\\Terraforming Titans\\node_modules\\jest-circus\\build\\jestAdapterInit.js:761:3)\n    at runAndTransformResultsToJestFormat (C:\\Users\\gabri\\Documents\\Terraforming Titans\\node_modules\\jest-circus\\build\\jestAdapterInit.js:1918:21)\n    at jestAdapter (C:\\Users\\gabri\\Documents\\Terraforming Titans\\node_modules\\jest-circus\\build\\runner.js:101:19)\n    at runTestInternal (C:\\Users\\gabri\\Documents\\Terraforming Titans\\node_modules\\jest-runner\\build\\testWorker.js:275:16)\n    at runTest (C:\\Users\\gabri\\Documents\\Terraforming Titans\\node_modules\\jest-runner\\build\\testWorker.js:343:7)\n    at Object.worker (C:\\Users\\gabri\\Documents\\Terraforming Titans\\node_modules\\jest-runner\\build\\testWorker.js:497:12)"],"fullName":"Space building productivity via produceResources Manufacturing World superalloy recipe runs at expected ratio with metal=500","invocations":1,"location":null,"numPassingAsserts":0,"retryReasons":[],"startAt":1775513156324,"status":"failed","title":"Manufacturing World superalloy recipe runs at expected ratio with metal=500"},{"ancestorTitles":["Space building productivity via produceResources"],"duration":2,"failing":false,"failureDetails":[{}],"failureMessages":["ReferenceError: resolveWorldBaseLand is not defined\n    at resolveWorldBaseLand (C:\\Users\\gabri\\Documents\\Terraforming Titans\\src\\js\\resource.js:1016:20)\n    at reconcileLandResourceValue (C:\\Users\\gabri\\Documents\\Terraforming Titans\\src\\js\\resource.js:1263:3)\n    at produceResources (C:\\Users\\gabri\\Documents\\Terraforming Titans\\__tests__\\space-building-productivity.test.js:769:5)\n    at Object.<anonymous> (C:\\Users\\gabri\\Documents\\Terraforming Titans\\node_modules\\jest-each\\build\\index.js:80:140)\n    at Promise.finally.completed (C:\\Users\\gabri\\Documents\\Terraforming Titans\\node_modules\\jest-circus\\build\\jestAdapterInit.js:1557:28)\n    at new Promise (<anonymous>)\n    at callAsyncCircusFn (C:\\Users\\gabri\\Documents\\Terraforming Titans\\node_modules\\jest-circus\\build\\jestAdapterInit.js:1497:10)\n    at _callCircusTest (C:\\Users\\gabri\\Documents\\Terraforming Titans\\node_modules\\jest-circus\\build\\jestAdapterInit.js:1007:40)\n    at processTicksAndRejections (node:internal/process/task_queues:105:5)\n    at _runTest (C:\\Users\\gabri\\Documents\\Terraforming Titans\\node_modules\\jest-circus\\build\\jestAdapterInit.js:947:3)\n    at C:\\Users\\gabri\\Documents\\Terraforming Titans\\node_modules\\jest-circus\\build\\jestAdapterInit.js:849:7\n    at _runTestsForDescribeBlock (C:\\Users\\gabri\\Documents\\Terraforming Titans\\node_modules\\jest-circus\\build\\jestAdapterInit.js:862:11)\n    at _runTestsForDescribeBlock (C:\\Users\\gabri\\Documents\\Terraforming Titans\\node_modules\\jest-circus\\build\\jestAdapterInit.js:857:11)\n    at run (C:\\Users\\gabri\\Documents\\Terraforming Titans\\node_modules\\jest-circus\\build\\jestAdapterInit.js:761:3)\n    at runAndTransformResultsToJestFormat (C:\\Users\\gabri\\Documents\\Terraforming Titans\\node_modules\\jest-circus\\build\\jestAdapterInit.js:1918:21)\n    at jestAdapter (C:\\Users\\gabri\\Documents\\Terraforming Titans\\node_modules\\jest-circus\\build\\runner.js:101:19)\n    at runTestInternal (C:\\Users\\gabri\\Documents\\Terraforming Titans\\node_modules\\jest-runner\\build\\testWorker.js:275:16)\n    at runTest (C:\\Users\\gabri\\Documents\\Terraforming Titans\\node_modules\\jest-runner\\build\\testWorker.js:343:7)\n    at Object.worker (C:\\Users\\gabri\\Documents\\Terraforming Titans\\node_modules\\jest-runner\\build\\testWorker.js:497:12)"],"fullName":"Space building productivity via produceResources Manufacturing World productivity reflects shared metal demand (extra=0/s)","invocations":1,"location":null,"numPassingAsserts":0,"retryReasons":[],"startAt":1775513156327,"status":"failed","title":"Manufacturing World productivity reflects shared metal demand (extra=0/s)"},{"ancestorTitles":["Space building productivity via produceResources"],"duration":2,"failing":false,"failureDetails":[{}],"failureMessages":["ReferenceError: resolveWorldBaseLand is not defined\n    at resolveWorldBaseLand (C:\\Users\\gabri\\Documents\\Terraforming Titans\\src\\js\\resource.js:1016:20)\n    at reconcileLandResourceValue (C:\\Users\\gabri\\Documents\\Terraforming Titans\\src\\js\\resource.js:1263:3)\n    at produceResources (C:\\Users\\gabri\\Documents\\Terraforming Titans\\__tests__\\space-building-productivity.test.js:769:5)\n    at Object.<anonymous> (C:\\Users\\gabri\\Documents\\Terraforming Titans\\node_modules\\jest-each\\build\\index.js:80:140)\n    at Promise.finally.completed (C:\\Users\\gabri\\Documents\\Terraforming Titans\\node_modules\\jest-circus\\build\\jestAdapterInit.js:1557:28)\n    at new Promise (<anonymous>)\n    at callAsyncCircusFn (C:\\Users\\gabri\\Documents\\Terraforming Titans\\node_modules\\jest-circus\\build\\jestAdapterInit.js:1497:10)\n    at _callCircusTest (C:\\Users\\gabri\\Documents\\Terraforming Titans\\node_modules\\jest-circus\\build\\jestAdapterInit.js:1007:40)\n    at processTicksAndRejections (node:internal/process/task_queues:105:5)\n    at _runTest (C:\\Users\\gabri\\Documents\\Terraforming Titans\\node_modules\\jest-circus\\build\\jestAdapterInit.js:947:3)\n    at C:\\Users\\gabri\\Documents\\Terraforming Titans\\node_modules\\jest-circus\\build\\jestAdapterInit.js:849:7\n    at _runTestsForDescribeBlock (C:\\Users\\gabri\\Documents\\Terraforming Titans\\node_modules\\jest-circus\\build\\jestAdapterInit.js:862:11)\n    at _runTestsForDescribeBlock (C:\\Users\\gabri\\Documents\\Terraforming Titans\\node_modules\\jest-circus\\build\\jestAdapterInit.js:857:11)\n    at run (C:\\Users\\gabri\\Documents\\Terraforming Titans\\node_modules\\jest-circus\\build\\jestAdapterInit.js:761:3)\n    at runAndTransformResultsToJestFormat (C:\\Users\\gabri\\Documents\\Terraforming Titans\\node_modules\\jest-circus\\build\\jestAdapterInit.js:1918:21)\n    at jestAdapter (C:\\Users\\gabri\\Documents\\Terraforming Titans\\node_modules\\jest-circus\\build\\runner.js:101:19)\n    at runTestInternal (C:\\Users\\gabri\\Documents\\Terraforming Titans\\node_modules\\jest-runner\\build\\testWorker.js:275:16)\n    at runTest (C:\\Users\\gabri\\Documents\\Terraforming Titans\\node_modules\\jest-runner\\build\\testWorker.js:343:7)\n    at Object.worker (C:\\Users\\gabri\\Documents\\Terraforming Titans\\node_modules\\jest-runner\\build\\testWorker.js:497:12)"],"fullName":"Space building productivity via produceResources Manufacturing World productivity reflects shared metal demand (extra=200/s)","invocations":1,"location":null,"numPassingAsserts":0,"retryReasons":[],"startAt":1775513156329,"status":"failed","title":"Manufacturing World productivity reflects shared metal demand (extra=200/s)"},{"ancestorTitles":["Space building productivity via produceResources"],"duration":2,"failing":false,"failureDetails":[{}],"failureMessages":["ReferenceError: resolveWorldBaseLand is not defined\n    at resolveWorldBaseLand (C:\\Users\\gabri\\Documents\\Terraforming Titans\\src\\js\\resource.js:1016:20)\n    at reconcileLandResourceValue (C:\\Users\\gabri\\Documents\\Terraforming Titans\\src\\js\\resource.js:1263:3)\n    at produceResources (C:\\Users\\gabri\\Documents\\Terraforming Titans\\__tests__\\space-building-productivity.test.js:769:5)\n    at Object.<anonymous> (C:\\Users\\gabri\\Documents\\Terraforming Titans\\node_modules\\jest-each\\build\\index.js:80:140)\n    at Promise.finally.completed (C:\\Users\\gabri\\Documents\\Terraforming Titans\\node_modules\\jest-circus\\build\\jestAdapterInit.js:1557:28)\n    at new Promise (<anonymous>)\n    at callAsyncCircusFn (C:\\Users\\gabri\\Documents\\Terraforming Titans\\node_modules\\jest-circus\\build\\jestAdapterInit.js:1497:10)\n    at _callCircusTest (C:\\Users\\gabri\\Documents\\Terraforming Titans\\node_modules\\jest-circus\\build\\jestAdapterInit.js:1007:40)\n    at processTicksAndRejections (node:internal/process/task_queues:105:5)\n    at _runTest (C:\\Users\\gabri\\Documents\\Terraforming Titans\\node_modules\\jest-circus\\build\\jestAdapterInit.js:947:3)\n    at C:\\Users\\gabri\\Documents\\Terraforming Titans\\node_modules\\jest-circus\\build\\jestAdapterInit.js:849:7\n    at _runTestsForDescribeBlock (C:\\Users\\gabri\\Documents\\Terraforming Titans\\node_modules\\jest-circus\\build\\jestAdapterInit.js:862:11)\n    at _runTestsForDescribeBlock (C:\\Users\\gabri\\Documents\\Terraforming Titans\\node_modules\\jest-circus\\build\\jestAdapterInit.js:857:11)\n    at run (C:\\Users\\gabri\\Documents\\Terraforming Titans\\node_modules\\jest-circus\\build\\jestAdapterInit.js:761:3)\n    at runAndTransformResultsToJestFormat (C:\\Users\\gabri\\Documents\\Terraforming Titans\\node_modules\\jest-circus\\build\\jestAdapterInit.js:1918:21)\n    at jestAdapter (C:\\Users\\gabri\\Documents\\Terraforming Titans\\node_modules\\jest-circus\\build\\runner.js:101:19)\n    at runTestInternal (C:\\Users\\gabri\\Documents\\Terraforming Titans\\node_modules\\jest-runner\\build\\testWorker.js:275:16)\n    at runTest (C:\\Users\\gabri\\Documents\\Terraforming Titans\\node_modules\\jest-runner\\build\\testWorker.js:343:7)\n    at Object.worker (C:\\Users\\gabri\\Documents\\Terraforming Titans\\node_modules\\jest-runner\\build\\testWorker.js:497:12)"],"fullName":"Space building productivity via produceResources Manufacturing World productivity reflects shared metal demand (extra=600/s)","invocations":1,"location":null,"numPassingAsserts":0,"retryReasons":[],"startAt":1775513156331,"status":"failed","title":"Manufacturing World productivity reflects shared metal demand (extra=600/s)"},{"ancestorTitles":["Space building productivity via produceResources"],"duration":2,"failing":false,"failureDetails":[{}],"failureMessages":["ReferenceError: resolveWorldBaseLand is not defined\n    at resolveWorldBaseLand (C:\\Users\\gabri\\Documents\\Terraforming Titans\\src\\js\\resource.js:1016:20)\n    at reconcileLandResourceValue (C:\\Users\\gabri\\Documents\\Terraforming Titans\\src\\js\\resource.js:1263:3)\n    at Object.produceResources (C:\\Users\\gabri\\Documents\\Terraforming Titans\\__tests__\\space-building-productivity.test.js:825:5)\n    at Promise.finally.completed (C:\\Users\\gabri\\Documents\\Terraforming Titans\\node_modules\\jest-circus\\build\\jestAdapterInit.js:1557:28)\n    at new Promise (<anonymous>)\n    at callAsyncCircusFn (C:\\Users\\gabri\\Documents\\Terraforming Titans\\node_modules\\jest-circus\\build\\jestAdapterInit.js:1497:10)\n    at _callCircusTest (C:\\Users\\gabri\\Documents\\Terraforming Titans\\node_modules\\jest-circus\\build\\jestAdapterInit.js:1007:40)\n    at processTicksAndRejections (node:internal/process/task_queues:105:5)\n    at _runTest (C:\\Users\\gabri\\Documents\\Terraforming Titans\\node_modules\\jest-circus\\build\\jestAdapterInit.js:947:3)\n    at C:\\Users\\gabri\\Documents\\Terraforming Titans\\node_modules\\jest-circus\\build\\jestAdapterInit.js:849:7\n    at _runTestsForDescribeBlock (C:\\Users\\gabri\\Documents\\Terraforming Titans\\node_modules\\jest-circus\\build\\jestAdapterInit.js:862:11)\n    at _runTestsForDescribeBlock (C:\\Users\\gabri\\Documents\\Terraforming Titans\\node_modules\\jest-circus\\build\\jestAdapterInit.js:857:11)\n    at run (C:\\Users\\gabri\\Documents\\Terraforming Titans\\node_modules\\jest-circus\\build\\jestAdapterInit.js:761:3)\n    at runAndTransformResultsToJestFormat (C:\\Users\\gabri\\Documents\\Terraforming Titans\\node_modules\\jest-circus\\build\\jestAdapterInit.js:1918:21)\n    at jestAdapter (C:\\Users\\gabri\\Documents\\Terraforming Titans\\node_modules\\jest-circus\\build\\runner.js:101:19)\n    at runTestInternal (C:\\Users\\gabri\\Documents\\Terraforming Titans\\node_modules\\jest-runner\\build\\testWorker.js:275:16)\n    at runTest (C:\\Users\\gabri\\Documents\\Terraforming Titans\\node_modules\\jest-runner\\build\\testWorker.js:343:7)\n    at Object.worker (C:\\Users\\gabri\\Documents\\Terraforming Titans\\node_modules\\jest-runner\\build\\testWorker.js:497:12)"],"fullName":"Space building productivity via produceResources Superalloy Gigafoundry uses stored metal plus production before throttling","invocations":1,"location":null,"numPassingAsserts":0,"retryReasons":[],"startAt":1775513156333,"status":"failed","title":"Superalloy Gigafoundry uses stored metal plus production before throttling"},{"ancestorTitles":["Space building productivity via produceResources"],"duration":3,"failing":false,"failureDetails":[{}],"failureMessages":["ReferenceError: resolveWorldBaseLand is not defined\n    at resolveWorldBaseLand (C:\\Users\\gabri\\Documents\\Terraforming Titans\\src\\js\\resource.js:1016:20)\n    at reconcileLandResourceValue (C:\\Users\\gabri\\Documents\\Terraforming Titans\\src\\js\\resource.js:1263:3)\n    at Object.produceResources (C:\\Users\\gabri\\Documents\\Terraforming Titans\\__tests__\\space-building-productivity.test.js:879:5)\n    at Promise.finally.completed (C:\\Users\\gabri\\Documents\\Terraforming Titans\\node_modules\\jest-circus\\build\\jestAdapterInit.js:1557:28)\n    at new Promise (<anonymous>)\n    at callAsyncCircusFn (C:\\Users\\gabri\\Documents\\Terraforming Titans\\node_modules\\jest-circus\\build\\jestAdapterInit.js:1497:10)\n    at _callCircusTest (C:\\Users\\gabri\\Documents\\Terraforming Titans\\node_modules\\jest-circus\\build\\jestAdapterInit.js:1007:40)\n    at processTicksAndRejections (node:internal/process/task_queues:105:5)\n    at _runTest (C:\\Users\\gabri\\Documents\\Terraforming Titans\\node_modules\\jest-circus\\build\\jestAdapterInit.js:947:3)\n    at C:\\Users\\gabri\\Documents\\Terraforming Titans\\node_modules\\jest-circus\\build\\jestAdapterInit.js:849:7\n    at _runTestsForDescribeBlock (C:\\Users\\gabri\\Documents\\Terraforming Titans\\node_modules\\jest-circus\\build\\jestAdapterInit.js:862:11)\n    at _runTestsForDescribeBlock (C:\\Users\\gabri\\Documents\\Terraforming Titans\\node_modules\\jest-circus\\build\\jestAdapterInit.js:857:11)\n    at run (C:\\Users\\gabri\\Documents\\Terraforming Titans\\node_modules\\jest-circus\\build\\jestAdapterInit.js:761:3)\n    at runAndTransformResultsToJestFormat (C:\\Users\\gabri\\Documents\\Terraforming Titans\\node_modules\\jest-circus\\build\\jestAdapterInit.js:1918:21)\n    at jestAdapter (C:\\Users\\gabri\\Documents\\Terraforming Titans\\node_modules\\jest-circus\\build\\runner.js:101:19)\n    at runTestInternal (C:\\Users\\gabri\\Documents\\Terraforming Titans\\node_modules\\jest-runner\\build\\testWorker.js:275:16)\n    at runTest (C:\\Users\\gabri\\Documents\\Terraforming Titans\\node_modules\\jest-runner\\build\\testWorker.js:343:7)\n    at Object.worker (C:\\Users\\gabri\\Documents\\Terraforming Titans\\node_modules\\jest-runner\\build\\testWorker.js:497:12)"],"fullName":"Space building productivity via produceResources Lifters use stored space energy after unused Dyson power is exhausted","invocations":1,"location":null,"numPassingAsserts":0,"retryReasons":[],"startAt":1775513156335,"status":"failed","title":"Lifters use stored space energy after unused Dyson power is exhausted"},{"ancestorTitles":["Space building productivity via produceResources"],"duration":2,"failing":false,"failureDetails":[{}],"failureMessages":["ReferenceError: resolveWorldBaseLand is not defined\n    at resolveWorldBaseLand (C:\\Users\\gabri\\Documents\\Terraforming Titans\\src\\js\\resource.js:1016:20)\n    at reconcileLandResourceValue (C:\\Users\\gabri\\Documents\\Terraforming Titans\\src\\js\\resource.js:1263:3)\n    at Object.produceResources (C:\\Users\\gabri\\Documents\\Terraforming Titans\\__tests__\\space-building-productivity.test.js:930:5)\n    at Promise.finally.completed (C:\\Users\\gabri\\Documents\\Terraforming Titans\\node_modules\\jest-circus\\build\\jestAdapterInit.js:1557:28)\n    at new Promise (<anonymous>)\n    at callAsyncCircusFn (C:\\Users\\gabri\\Documents\\Terraforming Titans\\node_modules\\jest-circus\\build\\jestAdapterInit.js:1497:10)\n    at _callCircusTest (C:\\Users\\gabri\\Documents\\Terraforming Titans\\node_modules\\jest-circus\\build\\jestAdapterInit.js:1007:40)\n    at processTicksAndRejections (node:internal/process/task_queues:105:5)\n    at _runTest (C:\\Users\\gabri\\Documents\\Terraforming Titans\\node_modules\\jest-circus\\build\\jestAdapterInit.js:947:3)\n    at C:\\Users\\gabri\\Documents\\Terraforming Titans\\node_modules\\jest-circus\\build\\jestAdapterInit.js:849:7\n    at _runTestsForDescribeBlock (C:\\Users\\gabri\\Documents\\Terraforming Titans\\node_modules\\jest-circus\\build\\jestAdapterInit.js:862:11)\n    at _runTestsForDescribeBlock (C:\\Users\\gabri\\Documents\\Terraforming Titans\\node_modules\\jest-circus\\build\\jestAdapterInit.js:857:11)\n    at run (C:\\Users\\gabri\\Documents\\Terraforming Titans\\node_modules\\jest-circus\\build\\jestAdapterInit.js:761:3)\n    at runAndTransformResultsToJestFormat (C:\\Users\\gabri\\Documents\\Terraforming Titans\\node_modules\\jest-circus\\build\\jestAdapterInit.js:1918:21)\n    at jestAdapter (C:\\Users\\gabri\\Documents\\Terraforming Titans\\node_modules\\jest-circus\\build\\runner.js:101:19)\n    at runTestInternal (C:\\Users\\gabri\\Documents\\Terraforming Titans\\node_modules\\jest-runner\\build\\testWorker.js:275:16)\n    at runTest (C:\\Users\\gabri\\Documents\\Terraforming Titans\\node_modules\\jest-runner\\build\\testWorker.js:343:7)\n    at Object.worker (C:\\Users\\gabri\\Documents\\Terraforming Titans\\node_modules\\jest-runner\\build\\testWorker.js:497:12)"],"fullName":"Space building productivity via produceResources Lifters stop when receivers consume all live Dyson power and storage is empty","invocations":1,"location":null,"numPassingAsserts":0,"retryReasons":[],"startAt":1775513156338,"status":"failed","title":"Lifters stop when receivers consume all live Dyson power and storage is empty"},{"ancestorTitles":["Space building productivity via produceResources"],"duration":2,"failing":false,"failureDetails":[{}],"failureMessages":["ReferenceError: resolveWorldBaseLand is not defined\n    at resolveWorldBaseLand (C:\\Users\\gabri\\Documents\\Terraforming Titans\\src\\js\\resource.js:1016:20)\n    at reconcileLandResourceValue (C:\\Users\\gabri\\Documents\\Terraforming Titans\\src\\js\\resource.js:1263:3)\n    at Object.produceResources (C:\\Users\\gabri\\Documents\\Terraforming Titans\\__tests__\\space-building-productivity.test.js:984:5)\n    at Promise.finally.completed (C:\\Users\\gabri\\Documents\\Terraforming Titans\\node_modules\\jest-circus\\build\\jestAdapterInit.js:1557:28)\n    at new Promise (<anonymous>)\n    a
[...]
reMessages":[],"fullName":"ringworld hephaestus yard tooltip repro keeps live yard expansion tooltip rates on space superalloys after a tick","invocations":1,"location":null,"numPassingAsserts":0,"retryReasons":[],"startAt":1775513157198,"status":"pending","title":"keeps live yard expansion tooltip rates on space superalloys after a tick"},{"ancestorTitles":["space storage expansion tooltip repro"],"duration":null,"failing":false,"failureDetails":[],"failureMessages":[],"fullName":"space storage expansion tooltip repro keeps live space storage expansion tooltip rates after a continuous tick","invocations":1,"location":null,"numPassingAsserts":0,"retryReasons":[],"startAt":1775513157198,"status":"pending","title":"keeps live space storage expansion tooltip rates after a continuous tick"},{"ancestorTitles":["megastructure expansion tooltip rate matrix"],"duration":null,"failing":false,"failureDetails":[],"failureMessages":[],"fullName":"megastructure expansion tooltip rate matrix lifters discrete mode preRun=false writes tooltip rates that match actual /s consumption","invocations":1,"location":null,"numPassingAsserts":0,"retryReasons":[],"startAt":1775513157198,"status":"pending","title":"lifters discrete mode preRun=false writes tooltip rates that match actual /s consumption"},{"ancestorTitles":["megastructure expansion tooltip rate matrix"],"duration":null,"failing":false,"failureDetails":[],"failureMessages":[],"fullName":"megastructure expansion tooltip rate matrix lifters discrete mode preRun=true writes tooltip rates that match actual /s consumption","invocations":1,"location":null,"numPassingAsserts":0,"retryReasons":[],"startAt":1775513157198,"status":"pending","title":"lifters discrete mode preRun=true writes tooltip rates that match actual /s consumption"},{"ancestorTitles":["megastructure expansion tooltip rate matrix"],"duration":null,"failing":false,"failureDetails":[],"failureMessages":[],"fullName":"megastructure expansion tooltip rate matrix lifters continuous mode preRun=false writes tooltip rates that match actual /s consumption","invocations":1,"location":null,"numPassingAsserts":0,"retryReasons":[],"startAt":1775513157198,"status":"pending","title":"lifters continuous mode preRun=false writes tooltip rates that match actual /s consumption"},{"ancestorTitles":["megastructure expansion tooltip rate matrix"],"duration":null,"failing":false,"failureDetails":[],"failureMessages":[],"fullName":"megastructure expansion tooltip rate matrix lifters continuous mode preRun=true writes tooltip rates that match actual /s consumption","invocations":1,"location":null,"numPassingAsserts":0,"retryReasons":[],"startAt":1775513157198,"status":"pending","title":"lifters continuous mode preRun=true writes tooltip rates that match actual /s consumption"},{"ancestorTitles":["megastructure expansion tooltip rate matrix"],"duration":null,"failing":false,"failureDetails":[],"failureMessages":[],"fullName":"megastructure expansion tooltip rate matrix nuclearAlchemyFurnace discrete mode preRun=false writes tooltip rates that match actual /s consumption","invocations":1,"location":null,"numPassingAsserts":0,"retryReasons":[],"startAt":1775513157199,"status":"pending","title":"nuclearAlchemyFurnace discrete mode preRun=false writes tooltip rates that match actual /s consumption"},{"ancestorTitles":["megastructure expansion tooltip rate matrix"],"duration":null,"failing":false,"failureDetails":[],"failureMessages":[],"fullName":"megastructure expansion tooltip rate matrix nuclearAlchemyFurnace discrete mode preRun=true writes tooltip rates that match actual /s consumption","invocations":1,"location":null,"numPassingAsserts":0,"retryReasons":[],"startAt":1775513157199,"status":"pending","title":"nuclearAlchemyFurnace discrete mode preRun=true writes tooltip rates that match actual /s consumption"},{"ancestorTitles":["megastructure expansion tooltip rate matrix"],"duration":null,"failing":false,"failureDetails":[],"failureMessages":[],"fullName":"megastructure expansion tooltip rate matrix nuclearAlchemyFurnace continuous mode preRun=false writes tooltip rates that match actual /s consumption","invocations":1,"location":null,"numPassingAsserts":0,"retryReasons":[],"startAt":1775513157199,"status":"pending","title":"nuclearAlchemyFurnace continuous mode preRun=false writes tooltip rates that match actual /s consumption"},{"ancestorTitles":["megastructure expansion tooltip rate matrix"],"duration":null,"failing":false,"failureDetails":[],"failureMessages":[],"fullName":"megastructure expansion tooltip rate matrix nuclearAlchemyFurnace continuous mode preRun=true writes tooltip rates that match actual /s consumption","invocations":1,"location":null,"numPassingAsserts":0,"retryReasons":[],"startAt":1775513157199,"status":"pending","title":"nuclearAlchemyFurnace continuous mode preRun=true writes tooltip rates that match actual /s consumption"},{"ancestorTitles":["megastructure expansion tooltip rate matrix"],"duration":null,"failing":false,"failureDetails":[],"failureMessages":[],"fullName":"megastructure expansion tooltip rate matrix superalloyGigafoundry discrete mode preRun=false writes tooltip rates that match actual /s consumption","invocations":1,"location":null,"numPassingAsserts":0,"retryReasons":[],"startAt":1775513157199,"status":"pending","title":"superalloyGigafoundry discrete mode preRun=false writes tooltip rates that match actual /s consumption"},{"ancestorTitles":["megastructure expansion tooltip rate matrix"],"duration":null,"failing":false,"failureDetails":[],"failureMessages":[],"fullName":"megastructure expansion tooltip rate matrix superalloyGigafoundry discrete mode preRun=true writes tooltip rates that match actual /s consumption","invocations":1,"location":null,"numPassingAsserts":0,"retryReasons":[],"startAt":1775513157199,"status":"pending","title":"superalloyGigafoundry discrete mode preRun=true writes tooltip rates that match actual /s consumption"},{"ancestorTitles":["megastructure expansion tooltip rate matrix"],"duration":null,"failing":false,"failureDetails":[],"failureMessages":[],"fullName":"megastructure expansion tooltip rate matrix superalloyGigafoundry continuous mode preRun=false writes tooltip rates that match actual /s consumption","invocations":1,"location":null,"numPassingAsserts":0,"retryReasons":[],"startAt":1775513157199,"status":"pending","title":"superalloyGigafoundry continuous mode preRun=false writes tooltip rates that match actual /s consumption"},{"ancestorTitles":["megastructure expansion tooltip rate matrix"],"duration":null,"failing":false,"failureDetails":[],"failureMessages":[],"fullName":"megastructure expansion tooltip rate matrix superalloyGigafoundry continuous mode preRun=true writes tooltip rates that match actual /s consumption","invocations":1,"location":null,"numPassingAsserts":0,"retryReasons":[],"startAt":1775513157199,"status":"pending","title":"superalloyGigafoundry continuous mode preRun=true writes tooltip rates that match actual /s consumption"},{"ancestorTitles":["megastructure expansion tooltip rate matrix"],"duration":null,"failing":false,"failureDetails":[],"failureMessages":[],"fullName":"megastructure expansion tooltip rate matrix dysonSphere discrete mode preRun=false writes tooltip rates that match actual /s consumption","invocations":1,"location":null,"numPassingAsserts":0,"retryReasons":[],"startAt":1775513157199,"status":"pending","title":"dysonSphere discrete mode preRun=false writes tooltip rates that match actual /s consumption"},{"ancestorTitles":["megastructure expansion tooltip rate matrix"],"duration":null,"failing":false,"failureDetails":[],"failureMessages":[],"fullName":"megastructure expansion tooltip rate matrix dysonSphere discrete mode preRun=true writes tooltip rates that match actual /s consumption","invocations":1,"location":null,"numPassingAsserts":0,"retryReasons":[],"startAt":1775513157199,"status":"pending","title":"dysonSphere discrete mode preRun=true writes tooltip rates that match actual /s consumption"},{"ancestorTitles":["megastructure expansion tooltip rate matrix"],"duration":null,"failing":false,"failureDetails":[],"failureMessages":[],"fullName":"megastructure expansion tooltip rate matrix dysonSphere continuous mode preRun=false writes tooltip rates that match actual /s consumption","invocations":1,"location":null,"numPassingAsserts":0,"retryReasons":[],"startAt":1775513157199,"status":"pending","title":"dysonSphere continuous mode preRun=false writes tooltip rates that match actual /s consumption"},{"ancestorTitles":["megastructure expansion tooltip rate matrix"],"duration":null,"failing":false,"failureDetails":[],"failureMessages":[],"fullName":"megastructure expansion tooltip rate matrix dysonSphere continuous mode preRun=true writes tooltip rates that match actual /s consumption","invocations":1,"location":null,"numPassingAsserts":0,"retryReasons":[],"startAt":1775513157199,"status":"pending","title":"dysonSphere continuous mode preRun=true writes tooltip rates that match actual /s consumption"},{"ancestorTitles":["megastructure expansion tooltip rate matrix"],"duration":null,"failing":false,"failureDetails":[],"failureMessages":[],"fullName":"megastructure expansion tooltip rate matrix spaceStorage discrete mode preRun=false writes tooltip rates that match actual /s consumption","invocations":1,"location":null,"numPassingAsserts":0,"retryReasons":[],"startAt":1775513157199,"status":"pending","title":"spaceStorage discrete mode preRun=false writes tooltip rates that match actual /s consumption"},{"ancestorTitles":["megastructure expansion tooltip rate matrix"],"duration":null,"failing":false,"failureDetails":[],"failureMessages":[],"fullName":"megastructure expansion tooltip rate matrix spaceStorage continuous mode preRun=false writes tooltip rates that match actual /s consumption","invocations":1,"location":null,"numPassingAsserts":0,"retryReasons":[],"startAt":1775513157199,"status":"pending","title":"spaceStorage continuous mode preRun=false writes tooltip rates that match actual /s consumption"},{"ancestorTitles":["megastructure expansion tooltip rate matrix"],"duration":null,"failing":false,"failureDetails":[],"failureMessages":[],"fullName":"megastructure expansion tooltip rate matrix hephaestusMegaconstruction discrete mode preRun=false writes tooltip rates that match actual /s consumption","invocations":1,"location":null,"numPassingAsserts":0,"retryReasons":[],"startAt":1775513157199,"status":"pending","title":"hephaestusMegaconstruction discrete mode preRun=false writes tooltip rates that match actual /s consumption"},{"ancestorTitles":["megastructure expansion tooltip rate matrix"],"duration":null,"failing":false,"failureDetails":[],"failureMessages":[],"fullName":"megastructure expansion tooltip rate matrix hephaestusMegaconstruction continuous mode preRun=false writes tooltip rates that match actual /s consumption","invocations":1,"location":null,"numPassingAsserts":0,"retryReasons":[],"startAt":1775513157199,"status":"pending","title":"hephaestusMegaconstruction continuous mode preRun=false writes tooltip rates that match actual /s consumption"}],"coverage":{},"endTime":1775513192216,"message":"","name":"C:\\Users\\gabri\\Documents\\Terraforming Titans\\__tests__\\furnace-expansion-tooltip-save.test.js","startTime":1775513192216,"status":"skipped","summary":""},{"assertionResults":[{"ancestorTitles":["TEMP RWG equilibration water totals"],"duration":null,"failing":false,"failureDetails":[],"failureMessages":[],"fullName":"TEMP RWG equilibration water totals captures initial/final total water for 1982065114|planet|icy-moon|hz-mid using full timer","invocations":1,"location":null,"numPassingAsserts":0,"retryReasons":[],"startAt":1775513157200,"status":"pending","title":"captures initial/final total water for 1982065114|planet|icy-moon|hz-mid using full timer"}],"coverage":{},"endTime":1775513192216,"message":"","name":"C:\\Users\\gabri\\Documents\\Terraforming Titans\\__tests__\\tmp-rwg-equilibration-water.test.js","startTime":1775513192216,"status":"skipped","summary":""},{"assertionResults":[{"ancestorTitles":["index.html"],"duration":421,"failing":false,"failureDetails":[],"failureMessages":[],"fullName":"index.html loads without throwing an immediate error","invocations":1,"location":null,"numPassingAsserts":0,"retryReasons":[],"startAt":1775513157198,"status":"passed","title":"loads without throwing an immediate error"}],"endTime":1775513157620,"message":"","name":"C:\\Users\\gabri\\Documents\\Terraforming Titans\\__tests__\\index.test.js","startTime":1775513155734,"status":"passed","summary":""},{"assertionResults":[{"ancestorTitles":["exact land reservations"],"duration":9484,"failing":false,"failureDetails":[{"matcherResult":{"actual":false,"expected":true,"message":"expect(received).toBe(expected) // Object.is equality\n\nExpected: true\nReceived: false","name":"toBe","pass":false}}],"failureMessages":["Error: expect(received).toBe(expected) // Object.is equality\n\nExpected: true\nReceived: false\n    at Object.toBe (C:\\Users\\gabri\\Documents\\Terraforming Titans\\__tests__\\land-reservation-exact-save.test.js:204:20)\n    at processTicksAndRejections (node:internal/process/task_queues:105:5)"],"fullName":"exact land reservations uses exact land when building ecumenopolis districts from a save","invocations":1,"location":null,"numPassingAsserts":0,"retryReasons":[],"startAt":1775513157198,"status":"failed","title":"uses exact land when building ecumenopolis districts from a save"},{"ancestorTitles":["exact land reservations"],"duration":12257,"failing":false,"failureDetails":[{"matcherResult":{"actual":"90630000000000000000","expected":"0","message":"expect(received).toBe(expected) // Object.is equality\n\nExpected: \"0\"\nReceived: \"90630000000000000000\"","name":"toBe","pass":false}}],"failureMessages":["Error: expect(received).toBe(expected) // Object.is equality\n\nExpected: \"0\"\nReceived: \"90630000000000000000\"\n    at Object.toBe (C:\\Users\\gabri\\Documents\\Terraforming Titans\\__tests__\\land-reservation-exact-save.test.js:234:29)\n    at processTicksAndRejections (node:internal/process/task_queues:105:5)"],"fullName":"exact land reservations uses exact land when activating saved inactive ecumenopolis districts","invocations":1,"location":null,"numPassingAsserts":0,"retryReasons":[],"startAt":1775513166682,"status":"failed","title":"uses exact land when activating saved inactive ecumenopolis districts"},{"ancestorTitles":["exact land reservations"],"duration":12698,"failing":false,"failureDetails":[{"matcherResult":{"message":"expect(received).toBeCloseTo(expected, precision)\n\nExpected: 46023434215.45895\nReceived: 46023434215.458954\n\nExpected precision:    6\nExpected difference: < 0.0000005\nReceived difference:   0.00000762939453125","pass":false}}],"failureMessages":["Error: expect(received).toBeCloseTo(expected, precision)\n\nExpected: 46023434215.45895\nReceived: 46023434215.458954\n\nExpected precision:    6\nExpected difference: < 0.0000005\nReceived difference:   0.00000762939453125\n    at Object.toBeCloseTo (C:\\Users\\gabri\\Documents\\Terraforming Titans\\__tests__\\land-reservation-exact-save.test.js:265:30)\n    at processTicksAndRejections (node:internal/process/task_queues:105:5)"],"fullName":"exact land reservations rebuilds stale base land from geometry so pulsar still leaves underground expansion land available","invocations":1,"location":null,"numPassingAsserts":3,"retryReasons":[],"startAt":1775513178940,"status":"failed","title":"rebuilds stale base land from geometry so pulsar still leaves underground expansion land available"}],"endTime":1775513191650,"message":"  ● exact land reservations › uses exact land when building ecumenopolis districts from a save\n\n    expect(received).toBe(expected) // Object.is equality\n\n    Expected: true\n    Received: false\n\n    \u001b[0m \u001b[90m 202 |\u001b[39m \u001b[32m    })`\u001b[39m)\u001b[33m;\u001b[39m\n     \u001b[90m 203 |\u001b[39m\n    \u001b[31m\u001b[1m>\u001b[22m\u001b[39m\u001b[90m 204 |\u001b[39m     expect(result)\u001b[33m.\u001b[39mtoBe(\u001b[36mtrue\u001b[39m)\u001b[33m;\u001b[39m\n     \u001b[90m     |\u001b[39m                    \u001b[31m\u001b[1m^\u001b[22m\u001b[39m\n     \u001b[90m 205 |\u001b[39m     expect(before\u001b[33m.\u001b[39mavailable)\u001b[33m.\u001b[39mtoBe(\u001b[32m'1000000000000000000000000000000'\u001b[39m)\u001b[33m;\u001b[39m\n     \u001b[90m 206 |\u001b[39m     expect(after\u001b[33m.\u001b[39mavailable)\u001b[33m.\u001b[39mtoBe(\u001b[32m'0'\u001b[39m)\u001b[33m;\u001b[39m\n     \u001b[90m 207 |\u001b[39m     expect(after\u001b[33m.\u001b[39mreserved)\u001b[33m.\u001b[39mtoBe(\u001b[32m'22000000000000000000000000000000'\u001b[39m)\u001b[33m;\u001b[39m\u001b[0m\n\n      at Object.toBe (__tests__/land-reservation-exact-save.test.js:204:20)\n\n  ● exact land reservations › uses exact land when activating saved inactive ecumenopolis districts\n\n    expect(received).toBe(expected) // Object.is equality\n\n    Expected: \"0\"\n    Received: \"90630000000000000000\"\n\n    \u001b[0m \u001b[90m 232 |\u001b[39m \u001b[32m    })`\u001b[39m)\u001b[33m;\u001b[39m\n     \u001b[90m 233 |\u001b[39m\n    \u001b[31m\u001b[1m>\u001b[22m\u001b[39m\u001b[90m 234 |\u001b[39m     expect(after\u001b[33m.\u001b[39mavailable)\u001b[33m.\u001b[39mtoBe(\u001b[32m'0'\u001b[39m)\u001b[33m;\u001b[39m\n     \u001b[90m     |\u001b[39m                             \u001b[31m\u001b[1m^\u001b[22m\u001b[39m\n     \u001b[90m 235 |\u001b[39m     expect(after\u001b[33m.\u001b[39mreserved)\u001b[33m.\u001b[39mtoBe(\u001b[32m'22000000000000000000000000000000'\u001b[39m)\u001b[33m;\u001b[39m\n     \u001b[90m 236 |\u001b[39m     expect(after\u001b[33m.\u001b[39mactive)\u001b[33m.\u001b[39mtoBe(before\u001b[33m.\u001b[39mactive \u001b[33m+\u001b[39m \u001b[35m10000000000\u001b[39m)\u001b[33m;\u001b[39m\n     \u001b[90m 237 |\u001b[39m\u001b[0m\n\n      at Object.toBe (__tests__/land-reservation-exact-save.test.js:234:29)\n\n  ● exact land reservations › rebuilds stale base land from geometry so pulsar still leaves underground expansion land available\n\n    expect(received).toBeCloseTo(expected, precision)\n\n    Expected: 46023434215.45895\n    Received: 46023434215.458954\n\n    Expected precision:    6\n    Expected difference: < 0.0000005\n    Received difference:   0.00000762939453125\n\n    \u001b[0m \u001b[90m 263 |\u001b[39m     expect(result\u001b[33m.\u001b[39mbaseLand)\u001b[33m.\u001b[39mtoBeCloseTo(result\u001b[33m.\u001b[39mgeometricLand\u001b[33m,\u001b[39m \u001b[35m6\u001b[39m)\u001b[33m;\u001b[39m\n     \u001b[90m 264 |\u001b[39m     expect(result\u001b[33m.\u001b[39mreservedLand)\u001b[33m.\u001b[39mtoBeCloseTo(result\u001b[33m.\u001b[39mbaseLand\u001b[33m,\u001b[39m \u001b[35m6\u001b[39m)\u001b[33m;\u001b[39m\n    \u001b[31m\u001b[1m>\u001b[22m\u001b[39m\u001b[90m 265 |\u001b[39m     expect(result\u001b[33m.\u001b[39mtotalLand)\u001b[33m.\u001b[39mtoBeCloseTo(result\u001b[33m.\u001b[39mgeometricLand \u001b[33m+\u001b[39m result\u001b[33m.\u001b[39mexpansionProgress\u001b[33m,\u001b[39m \u001b[35m6\u001b[39m)\u001b[33m;\u001b[39m\n     \u001b[90m     |\u001b[39m                              \u001b[31m\u001b[1m^\u001b[22m\u001b[39m\n     \u001b[90m 266 |\u001b[39m     expect(result\u001b[33m.\u001b[39mavailableLand)\u001b[33m.\u001b[39mtoBeCloseTo(result\u001b[33m.\u001b[39mexpansionProgress\u001b[33m,\u001b[39m \u001b[35m6\u001b[39m)\u001b[33m;\u001b[39m\n     \u001b[90m 267 |\u001b[39m\n     \u001b[90m 268 |\u001b[39m     dom\u001b[33m.\u001b[39mwindow\u001b[33m.\u001b[39mclose()\u001b[33m;\u001b[39m\u001b[0m\n\n      at Object.toBeCloseTo (__tests__/land-reservation-exact-save.test.js:265:30)\n","name":"C:\\Users\\gabri\\Documents\\Terraforming Titans\\__tests__\\land-reservation-exact-save.test.js","startTime":1775513155740,"status":"failed","summary":""}],"wasInterrupted":false}
