{"numFailedTestSuites":0,"numFailedTests":0,"numPassedTestSuites":10,"numPassedTests":67,"numPendingTestSuites":3,"numPendingTests":28,"numRuntimeErrorTestSuites":0,"numTodoTests":0,"numTotalTestSuites":13,"numTotalTests":95,"openHandles":[],"snapshot":{"added":0,"didUpdate":false,"failure":false,"filesAdded":0,"filesRemoved":0,"filesRemovedList":[],"filesUnmatched":0,"filesUpdated":0,"matched":0,"total":0,"unchecked":0,"uncheckedKeysByFile":[],"unmatched":0,"updated":0},"startTime":1775311737874,"success":true,"testResults":[{"assertionResults":[{"ancestorTitles":["TEMP RWG equilibration water totals"],"duration":null,"failing":false,"failureDetails":[],"failureMessages":[],"fullName":"TEMP RWG equilibration water totals captures initial/final total water for 1982065114|planet|icy-moon|hz-mid using full timer","invocations":1,"location":null,"numPassingAsserts":0,"retryReasons":[],"startAt":1775311739270,"status":"pending","title":"captures initial/final total water for 1982065114|planet|icy-moon|hz-mid using full timer"}],"coverage":{},"endTime":1775311779191,"message":"","name":"C:\\Users\\gabri\\Documents\\Terraforming Titans\\__tests__\\tmp-rwg-equilibration-water.test.js","startTime":1775311779191,"status":"skipped","summary":""},{"assertionResults":[{"ancestorTitles":["Space Mirror advanced oversight debug saves"],"duration":null,"failing":false,"failureDetails":[],"failureMessages":[],"fullName":"Space Mirror advanced oversight debug saves oversight1.json converges on zonal temperatures","invocations":1,"location":null,"numPassingAsserts":0,"retryReasons":[],"startAt":1775311739430,"status":"pending","title":"oversight1.json converges on zonal temperatures"},{"ancestorTitles":["Space Mirror advanced oversight debug saves"],"duration":null,"failing":false,"failureDetails":[],"failureMessages":[],"fullName":"Space Mirror advanced oversight debug saves oversight2.json converges on zonal temperatures","invocations":1,"location":null,"numPassingAsserts":0,"retryReasons":[],"startAt":1775311739430,"status":"pending","title":"oversight2.json converges on zonal temperatures"},{"ancestorTitles":["Space Mirror advanced oversight debug saves"],"duration":null,"failing":false,"failureDetails":[],"failureMessages":[],"fullName":"Space Mirror advanced oversight debug saves oversight3.json converges on zonal temperatures","invocations":1,"location":null,"numPassingAsserts":0,"retryReasons":[],"startAt":1775311739430,"status":"pending","title":"oversight3.json converges on zonal temperatures"}],"coverage":{},"endTime":1775311779191,"message":"","name":"C:\\Users\\gabri\\Documents\\Terraforming Titans\\__tests__\\space-mirror-advanced-oversight-convergence.test.js","startTime":1775311779191,"status":"skipped","summary":""},{"assertionResults":[{"ancestorTitles":["furnace expansion tooltip save repro"],"duration":null,"failing":false,"failureDetails":[],"failureMessages":[],"fullName":"furnace expansion tooltip save repro keeps actual furnace expansion consumption after load and tick","invocations":1,"location":null,"numPassingAsserts":0,"retryReasons":[],"startAt":1775311739582,"status":"pending","title":"keeps actual furnace expansion consumption after load and tick"},{"ancestorTitles":["ringworld furnace expansion double counting repro"],"duration":null,"failing":false,"failureDetails":[],"failureMessages":[],"fullName":"ringworld furnace expansion double counting repro shows the live tooltip rate for space superalloys instead of a doubled furnace expansion rate","invocations":1,"location":null,"numPassingAsserts":0,"retryReasons":[],"startAt":1775311739582,"status":"pending","title":"shows the live tooltip rate for space superalloys instead of a doubled furnace expansion rate"},{"ancestorTitles":["ringworld hephaestus yard tooltip repro"],"duration":null,"failing":false,"failureDetails":[],"failureMessages":[],"fullName":"ringworld hephaestus yard tooltip repro keeps live yard expansion tooltip rates on space superalloys after a tick","invocations":1,"location":null,"numPassingAsserts":0,"retryReasons":[],"startAt":1775311739582,"status":"pending","title":"keeps live yard expansion tooltip rates on space superalloys after a tick"},{"ancestorTitles":["space storage expansion tooltip repro"],"duration":null,"failing":false,"failureDetails":[],"failureMessages":[],"fullName":"space storage expansion tooltip repro keeps live space storage expansion tooltip rates after a continuous tick","invocations":1,"location":null,"numPassingAsserts":0,"retryReasons":[],"startAt":1775311739582,"status":"pending","title":"keeps live space storage expansion tooltip rates after a continuous tick"},{"ancestorTitles":["megastructure expansion tooltip rate matrix"],"duration":null,"failing":false,"failureDetails":[],"failureMessages":[],"fullName":"megastructure expansion tooltip rate matrix lifters discrete mode preRun=false writes tooltip rates that match actual /s consumption","invocations":1,"location":null,"numPassingAsserts":0,"retryReasons":[],"startAt":1775311739582,"status":"pending","title":"lifters discrete mode preRun=false writes tooltip rates that match actual /s consumption"},{"ancestorTitles":["megastructure expansion tooltip rate matrix"],"duration":null,"failing":false,"failureDetails":[],"failureMessages":[],"fullName":"megastructure expansion tooltip rate matrix lifters discrete mode preRun=true writes tooltip rates that match actual /s consumption","invocations":1,"location":null,"numPassingAsserts":0,"retryReasons":[],"startAt":1775311739582,"status":"pending","title":"lifters discrete mode preRun=true writes tooltip rates that match actual /s consumption"},{"ancestorTitles":["megastructure expansion tooltip rate matrix"],"duration":null,"failing":false,"failureDetails":[],"failureMessages":[],"fullName":"megastructure expansion tooltip rate matrix lifters continuous mode preRun=false writes tooltip rates that match actual /s consumption","invocations":1,"location":null,"numPassingAsserts":0,"retryReasons":[],"startAt":1775311739582,"status":"pending","title":"lifters continuous mode preRun=false writes tooltip rates that match actual /s consumption"},{"ancestorTitles":["megastructure expansion tooltip rate matrix"],"duration":null,"failing":false,"failureDetails":[],"failureMessages":[],"fullName":"megastructure expansion tooltip rate matrix lifters continuous mode preRun=true writes tooltip rates that match actual /s consumption","invocations":1,"location":null,"numPassingAsserts":0,"retryReasons":[],"startAt":1775311739582,"status":"pending","title":"lifters continuous mode preRun=true writes tooltip rates that match actual /s consumption"},{"ancestorTitles":["megastructure expansion tooltip rate matrix"],"duration":null,"failing":false,"failureDetails":[],"failureMessages":[],"fullName":"megastructure expansion tooltip rate matrix nuclearAlchemyFurnace discrete mode preRun=false writes tooltip rates that match actual /s consumption","invocations":1,"location":null,"numPassingAsserts":0,"retryReasons":[],"startAt":1775311739582,"status":"pending","title":"nuclearAlchemyFurnace discrete mode preRun=false writes tooltip rates that match actual /s consumption"},{"ancestorTitles":["megastructure expansion tooltip rate matrix"],"duration":null,"failing":false,"failureDetails":[],"failureMessages":[],"fullName":"megastructure expansion tooltip rate matrix nuclearAlchemyFurnace discrete mode preRun=true writes tooltip rates that match actual /s consumption","invocations":1,"location":null,"numPassingAsserts":0,"retryReasons":[],"startAt":1775311739582,"status":"pending","title":"nuclearAlchemyFurnace discrete mode preRun=true writes tooltip rates that match actual /s consumption"},{"ancestorTitles":["megastructure expansion tooltip rate matrix"],"duration":null,"failing":false,"failureDetails":[],"failureMessages":[],"fullName":"megastructure expansion tooltip rate matrix nuclearAlchemyFurnace continuous mode preRun=false writes tooltip rates that match actual /s consumption","invocations":1,"location":null,"numPassingAsserts":0,"retryReasons":[],"startAt":1775311739582,"status":"pending","title":"nuclearAlchemyFurnace continuous mode preRun=false writes tooltip rates that match actual /s consumption"},{"ancestorTitles":["megastructure expansion tooltip rate matrix"],"duration":null,"failing":false,"failureDetails":[],"failureMessages":[],"fullName":"megastructure expansion tooltip rate matrix nuclearAlchemyFurnace continuous mode preRun=true writes tooltip rates that match actual /s consumption","invocations":1,"location":null,"numPassingAsserts":0,"retryReasons":[],"startAt":1775311739582,"status":"pending","title":"nuclearAlchemyFurnace continuous mode preRun=true writes tooltip rates that match actual /s consumption"},{"ancestorTitles":["megastructure expansion tooltip rate matrix"],"duration":null,"failing":false,"failureDetails":[],"failureMessages":[],"fullName":"megastructure expansion tooltip rate matrix superalloyGigafoundry discrete mode preRun=false writes tooltip rates that match actual /s consumption","invocations":1,"location":null,"numPassingAsserts":0,"retryReasons":[],"startAt":1775311739582,"status":"pending","title":"superalloyGigafoundry discrete mode preRun=false writes tooltip rates that match actual /s consumption"},{"ancestorTitles":["megastructure expansion tooltip rate matrix"],"duration":null,"failing":false,"failureDetails":[],"failureMessages":[],"fullName":"megastructure expansion tooltip rate matrix superalloyGigafoundry discrete mode preRun=true writes tooltip rates that match actual /s consumption","invocations":1,"location":null,"numPassingAsserts":0,"retryReasons":[],"startAt":1775311739582,"status":"pending","title":"superalloyGigafoundry discrete mode preRun=true writes tooltip rates that match actual /s consumption"},{"ancestorTitles":["megastructure expansion tooltip rate matrix"],"duration":null,"failing":false,"failureDetails":[],"failureMessages":[],"fullName":"megastructure expansion tooltip rate matrix superalloyGigafoundry continuous mode preRun=false writes tooltip rates that match actual /s consumption","invocations":1,"location":null,"numPassingAsserts":0,"retryReasons":[],"startAt":1775311739582,"status":"pending","title":"superalloyGigafoundry continuous mode preRun=false writes tooltip rates that match actual /s consumption"},{"ancestorTitles":["megastructure expansion tooltip rate matrix"],"duration":null,"failing":false,"failureDetails":[],"failureMessages":[],"fullName":"megastructure expansion tooltip rate matrix superalloyGigafoundry continuous mode preRun=true writes tooltip rates that match actual /s consumption","invocations":1,"location":null,"numPassingAsserts":0,"retryReasons":[],"startAt":1775311739582,"status":"pending","title":"superalloyGigafoundry continuous mode preRun=true writes tooltip rates that match actual /s consumption"},{"ancestorTitles":["megastructure expansion tooltip rate matrix"],"duration":null,"failing":false,"failureDetails":[],"failureMessages":[],"fullName":"megastructure expansion tooltip rate matrix dysonSphere discrete mode preRun=false writes tooltip rates that match actual /s consumption","invocations":1,"location":null,"numPassingAsserts":0,"retryReasons":[],"startAt":1775311739583,"status":"pending","title":"dysonSphere discrete mode preRun=false writes tooltip rates that match actual /s consumption"},{"ancestorTitles":["megastructure expansion tooltip rate matrix"],"duration":null,"failing":false,"failureDetails":[],"failureMessages":[],"fullName":"megastructure expansion tooltip rate matrix dysonSphere discrete mode preRun=true writes tooltip rates that match actual /s consumption","invocations":1,"location":null,"numPassingAsserts":0,"retryReasons":[],"startAt":1775311739583,"status":"pending","title":"dysonSphere discrete mode preRun=true writes tooltip rates that match actual /s consumption"},{"ancestorTitles":["megastructure expansion tooltip rate matrix"],"duration":null,"failing":false,"failureDetails":[],"failureMessages":[],"fullName":"megastructure expansion tooltip rate matrix dysonSphere continuous mode preRun=false writes tooltip rates that match actual /s consumption","invocations":1,"location":null,"numPassingAsserts":0,"retryReasons":[],"startAt":1775311739583,"status":"pending","title":"dysonSphere continuous mode preRun=false writes tooltip rates that match actual /s consumption"},{"ancestorTitles":["megastructure expansion tooltip rate matrix"],"duration":null,"failing":false,"failureDetails":[],"failureMessages":[],"fullName":"megastructure expansion tooltip rate matrix dysonSphere continuous mode preRun=true writes tooltip rates that match actual /s consumption","invocations":1,"location":null,"numPassingAsserts":0,"retryReasons":[],"startAt":1775311739583,"status":"pending","title":"dysonSphere continuous mode preRun=true writes tooltip rates that match actual /s consumption"},{"ancestorTitles":["megastructure expansion tooltip rate matrix"],"duration":null,"failing":false,"failureDetails":[],"failureMessages":[],"fullName":"megastructure expansion tooltip rate matrix spaceStorage discrete mode preRun=false writes tooltip rates that match actual /s consumption","invocations":1,"location":null,"numPassingAsserts":0,"retryReasons":[],"startAt":1775311739583,"status":"pending","title":"spaceStorage discrete mode preRun=false writes tooltip rates that match actual /s consumption"},{"ancestorTitles":["megastructure expansion tooltip rate matrix"],"duration":null,"failing":false,"failureDetails":[],"failureMessages":[],"fullName":"megastructure expansion tooltip rate matrix spaceStorage continuous mode preRun=false writes tooltip rates that match actual /s consumption","invocations":1,"location":null,"numPassingAsserts":0,"retryReasons":[],"startAt":1775311739583,"status":"pending","title":"spaceStorage continuous mode preRun=false writes tooltip rates that match actual /s consumption"},{"ancestorTitles":["megastructure expansion tooltip rate matrix"],"duration":null,"failing":false,"failureDetails":[],"failureMessages":[],"fullName":"megastructure expansion tooltip rate matrix hephaestusMegaconstruction discrete mode preRun=false writes tooltip rates that match actual /s consumption","invocations":1,"location":null,"numPassingAsserts":0,"retryReasons":[],"startAt":1775311739583,"status":"pending","title":"hephaestusMegaconstruction discrete mode preRun=false writes tooltip rates that match actual /s consumption"},{"ancestorTitles":["megastructure expansion tooltip rate matrix"],"duration":null,"failing":false,"failureDetails":[],"failureMessages":[],"fullName":"megastructure expansion tooltip rate matrix hephaestusMegaconstruction continuous mode preRun=false writes tooltip rates that match actual /s consumption","invocations":1,"location":null,"numPassingAsserts":0,"retryReasons":[],"startAt":1775311739583,"status":"pending","title":"hephaestusMegaconstruction continuous mode preRun=false writes tooltip rates that match actual /s consumption"}],"coverage":{},"endTime":1775311779191,"message":"","name":"C:\\Users\\gabri\\Documents\\Terraforming Titans\\__tests__\\furnace-expansion-tooltip-save.test.js","startTime":1775311779191,"status":"skipped","summary":""},{"assertionResults":[{"ancestorTitles":["exact land reservations"],"duration":18183,"failing":false,"failureDetails":[],"failureMessages":[],"fullName":"exact land reservations uses exact land when building ecumenopolis districts from a save","invocations":1,"location":null,"numPassingAsserts":6,"retryReasons":[],"startAt":1775311739726,"status":"passed","title":"uses exact land when building ecumenopolis districts from a save"},{"ancestorTitles":["exact land reservations"],"duration":18850,"failing":false,"failureDetails":[],"failureMessages":[],"fullName":"exact land reservations uses exact land when activating saved inactive ecumenopolis districts","invocations":1,"location":null,"numPassingAsserts":3,"retryReasons":[],"startAt":1775311757910,"status":"passed","title":"uses exact land when activating saved inactive ecumenopolis districts"}],"endTime":1775311776763,"message":"","name":"C:\\Users\\gabri\\Documents\\Terraforming Titans\\__tests__\\land-reservation-exact-save.test.js","startTime":1775311739588,"status":"passed","summary":""},{"assertionResults":[{"ancestorTitles":["index.html"],"duration":653,"failing":false,"failureDetails":[],"failureMessages":[],"fullName":"index.html loads without throwing an immediate error","invocations":1,"location":null,"numPassingAsserts":0,"retryReasons":[],"startAt":1775311777194,"status":"passed","title":"loads without throwing an immediate error"}],"endTime":1775311777847,"message":"","name":"C:\\Users\\gabri\\Documents\\Terraforming Titans\\__tests__\\index.test.js","startTime":1775311776772,"status":"passed","summary":""},{"assertionResults":[{"ancestorTitles":["Space building productivity via produceResources"],"duration":406,"failing":false,"failureDetails":[],"failureMessages":[],"fullName":"Space building productivity via produceResources Nuclear Alchemical Furnace runs at expected ratio with hydrogen=0","invocations":1,"location":null,"numPassingAsserts":2,"retryReasons":[],"startAt":1775311777900,"status":"passed","title":"Nuclear Alchemical Furnace runs at expected ratio with hydrogen=0"},{"ancestorTitles":["Space building productivity via produceResources"],"duration":5,"failing":false,"failureDetails":[],"failureMessages":[],"fullName":"Space building productivity via produceResources Nuclear Alchemical Furnace runs at expected ratio with hydrogen=50","invocations":1,"location":null,"numPassingAsserts":2,"retryReasons":[],"startAt":1775311778307,"status":"passed","title":"Nuclear Alchemical Furnace runs at expected ratio with hydrogen=50"},{"ancestorTitles":["Space building productivity via produceResources"],"duration":4,"failing":false,"failureDetails":[],"failureMessages":[],"fullName":"Space building productivity via produceResources Nuclear Alchemical Furnace runs at expected ratio with hydrogen=100","invocations":1,"location":null,"numPassingAsserts":2,"retryReasons":[],"startAt":1775311778312,"status":"passed","title":"Nuclear Alchemical Furnace runs at expected ratio with hydrogen=100"},{"ancestorTitles":["Space building productivity via produceResources"],"duration":4,"failing":false,"failureDetails":[],"failureMessages":[],"fullName":"Space building productivity via produceResources Nuclear Alchemical Furnace runs at expected ratio with hydrogen=200","invocations":1,"location":null,"numPassingAsserts":2,"retryReasons":[],"startAt":1775311778316,"status":"passed","title":"Nuclear Alchemical Furnace runs at expected ratio with hydrogen=200"},{"ancestorTitles":["Space building productivity via produceResources"],"duration":4,"failing":false,"failureDetails":[],"failureMessages":[],"fullName":"Space building productivity via produceResources Nuclear Alchemical Furnace runs at expected ratio with hydrogen=500","invocations":1,"location":null,"numPassingAsserts":2,"retryReasons":[],"startAt":1775311778320,"status":"passed","title":"Nuclear Alchemical Furnace runs at expected ratio with hydrogen=500"},{"ancestorTitles":["Space building productivity via produceResources"],"duration":4,"failing":false,"failureDetails":[],"failureMessages":[],"fullName":"Space building productivity via produceResources Nuclear Alchemical Furnace productivity reflects shared demand (extra=0/s)","invocations":1,"location":null,"numPassingAsserts":2,"retryReasons":[],"startAt":1775311778324,"status":"passed","title":"Nuclear Alchemical Furnace productivity reflects shared demand (extra=0/s)"},{"ancestorTitles":["Space building productivity via produceResources"],"duration":4,"failing":false,"failureDetails":[],"failureMessages":[],"fullName":"Space building productivity via produceResources Nuclear Alchemical Furnace productivity reflects shared demand (extra=200/s)","invocations":1,"location":null,"numPassingAsserts":2,"retryReasons":[],"startAt":1775311778328,"status":"passed","title":"Nuclear Alchemical Furnace productivity reflects shared demand (extra=200/s)"},{"ancestorTitles":["Space building productivity via produceResources"],"duration":4,"failing":false,"failureDetails":[],"failureMessages":[],"fullName":"Space building productivity via produceResources Nuclear Alchemical Furnace productivity reflects shared demand (extra=600/s)","invocations":1,"location":null,"numPassingAsserts":2,"retryReasons":[],"startAt":1775311778332,"status":"passed","title":"Nuclear Alchemical Furnace productivity reflects shared demand (extra=600/s)"},{"ancestorTitles":["Space building productivity via produceResources"],"duration":5,"failing":false,"failureDetails":[],"failureMessages":[],"fullName":"Space building productivity via produceResources Nuclear Alchemical Furnace operation productivity is based on operation demand, not expansion demand","invocations":1,"location":null,"numPassingAsserts":2,"retryReasons":[],"startAt":1775311778336,"status":"passed","title":"Nuclear Alchemical Furnace operation productivity is based on operation demand, not expansion demand"},{"ancestorTitles":["Space building productivity via produceResources"],"duration":6,"failing":false,"failureDetails":[],"failureMessages":[],"fullName":"Space building productivity via produceResources Manufacturing World superalloy recipe runs at expected ratio with metal=0","invocations":1,"location":null,"numPassingAsserts":2,"retryReasons":[],"startAt":1775311778341,"status":"passed","title":"Manufacturing World superalloy recipe runs at expected ratio with metal=0"},{"ancestorTitles":["Space building productivity via produceResources"],"duration":4,"failing":false,"failureDetails":[],"failureMessages":[],"fullName":"Space building productivity via produceResources Manufacturing World superalloy recipe runs at expected ratio with metal=50","invocations":1,"location":null,"numPassingAsserts":2,"retryReasons":[],"startAt":1775311778347,"status":"passed","title":"Manufacturing World superalloy recipe runs at expected ratio with metal=50"},{"ancestorTitles":["Space building productivity via produceResources"],"duration":4,"failing":false,"failureDetails":[],"failureMessages":[],"fullName":"Space building productivity via produceResources Manufacturing World superalloy recipe runs at expected ratio with metal=100","invocations":1,"location":null,"numPassingAsserts":2,"retryReasons":[],"startAt":1775311778351,"status":"passed","title":"Manufacturing World superalloy recipe runs at expected ratio with metal=100"},{"ancestorTitles":["Space building productivity via produceResources"],"duration":4,"failing":false,"failureDetails":[],"failureMessages":[],"fullName":"Space building productivity via produceResources Manufacturing World superalloy recipe runs at expected ratio with metal=200","invocations":1,"location":null,"numPassingAsserts":2,"retryReasons":[],"startAt":1775311778355,"status":"passed","title":"Manufacturing World superalloy recipe runs at expected ratio with metal=200"},{"ancestorTitles":["Space building productivity via produceResources"],"duration":4,"failing":false,"failureDetails":[],"failureMessages":[],"fullName":"Space building productivity via produceResources Manufacturing World superalloy recipe runs at expected ratio with metal=500","invocations":1,"location":null,"numPassingAsserts":2,"retryReasons":[],"startAt":1775311778359,"status":"passed","title":"Manufacturing World superalloy recipe runs at expected ratio with metal=500"},{"ancestorTitles":["Space building productivity via produceResources"],"duration":3,"failing":false,"failureDetails":[],"failureMessages":[],"fullName":"Space building productivity via produceResources Manufacturing World productivity reflects shared metal demand (extra=0/s)","invocations":1,"location":null,"numPassingAsserts":3,"retryReasons":[],"startAt":1775311778363,"status":"passed","title":"Manufacturing World productivity reflects shared metal demand (extra=0/s)"},{"ancestorTitles":["Space building productivity via produceResources"],"duration":3,"failing":false,"failureDetails":[],"failureMessages":[],"fullName":"Space building productivity via produceResources Manufacturing World productivity reflects shared metal demand (extra=200/s)","invocations":1,"location":null,"numPassingAsserts":3,"retryReasons":[],"startAt":1775311778367,"status":"passed","title":"Manufacturing World productivity reflects shared metal demand (extra=200/s)"},{"ancestorTitles":["Space building productivity via produceResources"],"duration":9,"failing":false,"failureDetails":[],"failureMessages":[],"fullName":"Space building productivity via produceResources Manufacturing World productivity reflects shared metal demand (extra=600/s)","invocations":1,"location":null,"numPassingAsserts":3,"retryReasons":[],"startAt":1775311778370,"status":"passed","title":"Manufacturing World productivity reflects shared metal demand (extra=600/s)"},{"ancestorTitles":["Space building productivity via produceResources"],"duration":5,"failing":false,"failureDetails":[],"failureMessages":[],"fullName":"Space building productivity via produceResources Superalloy Gigafoundry uses stored metal plus production before throttling","invocations":1,"location":null,"numPassingAsserts":2,"retryReasons":[],"startAt":1775311778379,"status":"passed","title":"Superalloy Gigafoundry uses stored metal plus production before throttling"},{"ancestorTitles":["Space building productivity via produceResources"],"duration":12,"failing":false,"failureDetails":[],"failureMessages":[],"fullName":"Space building productivity via produceResources Lifters use stored space energy after unused Dyson power is exhausted","invocations":1,"location":null,"numPassingAsserts":5,"retryReasons":[],"startAt":1775311778384,"status":"passed","title":"Lifters use stored space energy after unused Dyson power is exhausted"},{"ancestorTitles":["Space building productivity via produceResources"],"duration":6,"failing":false,"failureDetails":[],"failureMessages":[],"fullName":"Space building productivity via produceResources Lifters stop when receivers consume all live Dyson power and storage is empty","invocations":1,"location":null,"numPassingAsserts":4,"retryReasons":[],"startAt":1775311778396,"status":"passed","title":"Lifters stop when receivers consume all live Dyson power and storage is empty"},{"ancestorTitles":["Space building productivity via produceResources"],"duration":5,"failing":false,"failureDetails":[],"failureMessages":[],"fullName":"Space building productivity via produceResources Lifters keep full energy use and displayed hydrogen rate when storage is capped","invocations":1,"location":null,"numPassingAsserts":5,"retryReasons":[],"startAt":1775311778402,"status":"passed","title":"Lifters keep full energy use and displayed hydrogen rate when storage is capped"},{"ancestorTitles":["Space building productivity via produceResources"],"duration":5,"failing":false,"failureDetails":[],"failureMessages":[],"fullName":"Space building productivity via produceResources Lifters preserve supercharge across save/load before Star Lifting effects are reapplied","invocations":1,"location":null,"numPassingAsserts":4,"retryReasons":[],"startAt":1775311778407,"status":"passed","title":"Lifters preserve supercharge across save/load before Star Lifting effects are reapplied"}],"endTime":1775311778413,"message":"","name":"C:\\Users\\gabri\\Documents\\Terraforming Titans\\__tests__\\space-building-productivity.test.js","startTime":1775311777855,"status":"passed","summary":""},{"assertionResults":[{"ancestorTitles":["RWG zonal ice partitioning"],"duration":7,"failing":false,"failureDetails":[],"failureMessages":[],"fullName":"RWG zonal ice partitioning keeps global ice equal to zonal ice + buried ice for generated worlds","invocations":1,"location":null,"numPassingAsserts":4,"retryReasons":[],"startAt":1775311778754,"status":"passed","title":"keeps global ice equal to zonal ice + buried ice for generated worlds"}],"endTime":1775311778761,"message":"","name":"C:\\Users\\gabri\\Documents\\Terraforming Titans\\__tests__\\rwg-zonal-ice-consistency.test.js","startTime":1775311778418,"status":"passed","summary":""},{"assertionResults":[{"ancestorTitles":["Kessler drag line altitude for low-pressure water-only atmospheres"],"duration":5,"failing":false,"failureDetails":[],"failureMessages":[],"fullName":"Kessler drag line altitude for low-pressure water-only atmospheres matches the current drag-line altitude profile for 1-4 Pa water at 1.1 kW/m^2, 7 m/s^2 gravity, and 220 K","invocations":1,"location":null,"numPassingAsserts":12,"retryReasons":[],"startAt":1775311778819,"status":"passed","title":"matches the current drag-line altitude profile for 1-4 Pa water at 1.1 kW/m^2, 7 m/s^2 gravity, and 220 K"},{"ancestorTitles":["Kessler drag line altitude for low-pressure water-only atmospheres"],"duration":9,"failing":false,"failureDetails":[],"failureMessages":[],"fullName":"Kessler drag line altitude for low-pressure water-only atmospheres keeps drag-line behavior consistent when pressure comes from terraforming.calculateTotalPressure()","invocations":1,"location":null,"numPassingAsserts":20,"retryReasons":[],"startAt":1775311778824,"status":"passed","title":"keeps drag-line behavior consistent when pressure comes from terraforming.calculateTotalPressure()"}],"endTime":1775311778834,"message":"","name":"C:\\Users\\gabri\\Documents\\Terraforming Titans\\__tests__\\kessler-drag-line-water-pressure.test.js","startTime":1775311778772,"status":"passed","summary":""},{"assertionResults":[{"ancestorTitles":["Spaceship automation scenarios"],"duration":4,"failing":false,"failureDetails":[],"failureMessages":[],"fullName":"Spaceship automation scenarios splits 10M ships to mining and 1M mass drivers to disposal in mixed weighted step","invocations":1,"location":null,"numPassingAsserts":4,"retryReasons":[],"startAt":1775311778881,"status":"passed","title":"splits 10M ships to mining and 1M mass drivers to disposal in mixed weighted step"},{"ancestorTitles":["Spaceship automation scenarios"],"duration":0,"failing":false,"failureDetails":[],"failureMessages":[],"fullName":"Spaceship automation scenarios does not let mass-driver capacity inflate ship weighting in mixed steps","invocations":1,"location":null,"numPassingAsserts":3,"retryReasons":[],"startAt":1775311778886,"status":"passed","title":"does not let mass-driver capacity inflate ship weighting in mixed steps"},{"ancestorTitles":["Spaceship automation scenarios"],"duration":0,"failing":false,"failureDetails":[],"failureMessages":[],"fullName":"Spaceship automation scenarios release if disabled false keeps current assignment on disabled project","invocations":1,"location":null,"numPassingAsserts":2,"retryReasons":[],"startAt":1775311778887,"status":"passed","title":"release if disabled false keeps current assignment on disabled project"},{"ancestorTitles":["Spaceship automation scenarios"],"duration":0,"failing":false,"failureDetails":[],"failureMessages":[],"fullName":"Spaceship automation scenarios release if disabled true releases ships from disabled project","invocations":1,"location":null,"numPassingAsserts":2,"retryReasons":[],"startAt":1775311778887,"status":"passed","title":"release if disabled true releases ships from disabled project"},{"ancestorTitles":["Spaceship automation scenarios"],"duration":0,"failing":false,"failureDetails":[],"failureMessages":[],"fullName":"Spaceship automation scenarios cappedMin stops when the smallest weighted max is reached","invocations":1,"location":null,"numPassingAsserts":3,"retryReasons":[],"startAt":1775311778888,"status":"passed","title":"cappedMin stops when the smallest weighted max is reached"},{"ancestorTitles":["Spaceship automation scenarios"],"duration":0,"failing":false,"failureDetails":[],"failureMessages":[],"fullName":"Spaceship automation scenarios mass-driver-only step can use both ship and mass-driver pools","invocations":1,"location":null,"numPassingAsserts":3,"retryReasons":[],"startAt":1775311778888,"status":"passed","title":"mass-driver-only step can use both ship and mass-driver pools"},{"ancestorTitles":["Spaceship automation scenarios"],"duration":1,"failing":false,"failureDetails":[],"failureMessages":[],"fullName":"Spaceship automation scenarios handles a 3-step allocation plan with deterministic carryover between steps","invocations":1,"location":null,"numPassingAsserts":4,"retryReasons":[],"startAt":1775311778888,"status":"passed","title":"handles a 3-step allocation plan with deterministic carryover between steps"},{"ancestorTitles":["Spaceship automation scenarios"],"duration":1,"failing":false,"failureDetails":[],"failureMessages":[],"fullName":"Spaceship automation scenarios handles a 4-step plan with max caps and preserves leftover ships as unassigned","invocations":1,"location":null,"numPassingAsserts":4,"retryReasons":[],"startAt":1775311778889,"status":"passed","title":"handles a 4-step plan with max caps and preserves leftover ships as unassigned"},{"ancestorTitles":["Spaceship automation scenarios"],"duration":1,"failing":false,"failureDetails":[],"failureMessages":[],"fullName":"Spaceship automation scenarios splits weighted mixed target with 10M ships and 500k mass drivers into 7.5M mining + 2.5M disposal ships + all mass drivers","invocations":1,"location":null,"numPassingAsserts":4,"retryReasons":[],"startAt":1775311778890,"status":"passed","title":"splits weighted mixed target with 10M ships and 500k mass drivers into 7.5M mining + 2.5M disposal ships + all mass drivers"},{"ancestorTitles":["Spaceship automation scenarios"],"duration":1,"failing":false,"failureDetails":[],"failureMessages":[],"fullName":"Spaceship automation scenarios handles 10M ships + 1M mass drivers with equal weights in a mixed step","invocations":1,"location":null,"numPassingAsserts":4,"retryReasons":[],"startAt":1775311778891,"status":"passed","title":"handles 10M ships + 1M mass drivers with equal weights in a mixed step"},{"ancestorTitles":["Spaceship automation scenarios"],"duration":0,"failing":false,"failureDetails":[],"failureMessages":[],"fullName":"Spaceship automation scenarios caps mixed-step mass-driver contribution at ship parity: 10M ships + 10M mass drivers, equal weights","invocations":1,"location":null,"numPassingAsserts":4,"retryReasons":[],"startAt":1775311778892,"status":"passed","title":"caps mixed-step mass-driver contribution at ship parity: 10M ships + 10M mass drivers, equal weights"},{"ancestorTitles":["Spaceship automation scenarios"],"duration":1,"failing":false,"failureDetails":[],"failureMessages":[],"fullName":"Spaceship automation scenarios keeps one-third ships unassigned when hydrogen is disabled but still present in mixed weighted entries","invocations":1,"location":null,"numPassingAsserts":10,"retryReasons":[],"startAt":1775311778892,"status":"passed","title":"keeps one-third ships unassigned when hydrogen is disabled but still present in mixed weighted entries"},{"ancestorTitles":["Spaceship automation scenarios"],"duration":1,"failing":false,"failureDetails":[],"failureMessages":[],"fullName":"Spaceship automation scenarios keeps one-third ship-only allocation with disposal weight 10 and three weight-1 ship targets","invocations":1,"location":null,"numPassingAsserts":7,"retryReasons":[],"startAt":1775311778893,"status":"passed","title":"keeps one-third ship-only allocation with disposal weight 10 and three weight-1 ship targets"},{"ancestorTitles":["Spaceship automation scenarios"],"duration":0,"failing":false,"failureDetails":[],"failureMessages":[],"fullName":"Spaceship automation scenarios splits 500k ships across metal, ice, silica, and unassigned with disposal weight 1 and activates 12.5k mass drivers","invocations":1,"location":null,"numPassingAsserts":6,"retryReasons":[],"startAt":1775311778894,"status":"passed","title":"splits 500k ships across metal, ice, silica, and unassigned with disposal weight 1 and activates 12.5k mass drivers"},{"ancestorTitles":["Spaceship automation scenarios"],"duration":1,"failing":false,"failureDetails":[],"failureMessages":[],"fullName":"Spaceship automation scenarios keeps one-third ships unassigned in fixed assign-amount mixed steps with mass drivers","invocations":1,"location":null,"numPassingAsserts":9,"retryReasons":[],"startAt":1775311778894,"status":"passed","title":"keeps one-third ships unassigned in fixed assign-amount mixed steps with mass drivers"},{"ancestorTitles":["Spaceship automation scenarios"],"duration":0,"failing":false,"failureDetails":[],"failureMessages":[],"fullName":"Spaceship automation scenarios keeps previously seen project targets in the automation dropdown after travel away","invocations":1,"location":null,"numPassingAsserts":4,"retryReasons":[],"startAt":1775311778895,"status":"passed","title":"keeps previously seen project targets in the automation dropdown after travel away"}],"endTime":1775311778896,"message":"","name":"C:\\Users\\gabri\\Documents\\Terraforming Titans\\__tests__\\spaceship-automation.scenarios.test.js","startTime":1775311778837,"status":"passed","summary":""},{"assertionResults":[{"ancestorTitles":["Spaceship scaled cost/gain execution"],"duration":8,"failing":false,"failureDetails":[],"failureMessages":[],"fullName":"Spaceship scaled cost/gain execution applies proportional scaling: { name: 'no limit, full affordability', ratio: 1 }","invocations":1,"location":null,"numPassingAsserts":7,"retryReasons":[],"startAt":1775311778962,"status":"passed","title":"applies proportional scaling: { name: 'no limit, full affordability', ratio: 1 }"},{"ancestorTitles":["Spaceship scaled cost/gain execution"],"duration":2,"failing":false,"failureDetails":[],"failureMessages":[],"fullName":"Spaceship scaled cost/gain execution applies proportional scaling: { name: 'output limit 50%', outputLimitRatio: 0.5, ratio: 0.5 }","invocations":1,"location":null,"numPassingAsserts":7,"retryReasons":[],"startAt":1775311778970,"status":"passed","title":"applies proportional scaling: { name: 'output limit 50%', outputLimitRatio: 0.5, ratio: 0.5 }"},{"ancestorTitles":["Spaceship scaled cost/gain execution"],"duration":1,"failing":false,"failureDetails":[],"failureMessages":[],"fullName":"Spaceship scaled cost/gain execution applies proportional scaling: { name: 'output limit 10%', outputLimitRatio: 0.1, ratio: 0.1 }","invocations":1,"location":null,"numPassingAsserts":7,"retryReasons":[],"startAt":1775311778972,"status":"passed","title":"applies proportional scaling: { name: 'output limit 10%', outputLimitRatio: 0.1, ratio: 0.1 }"},{"ancestorTitles":["Spaceship scaled cost/gain execution"],"duration":2,"failing":false,"failureDetails":[],"failureMessages":[],"fullName":"Spaceship scaled cost/gain execution applies proportional scaling: { name: 'energy shortage 25%', energyAvailable: 500, ratio: 0.25 }","invocations":1,"location":null,"numPassingAsserts":7,"retryReasons":[],"startAt":1775311778976,"status":"passed","title":"applies proportional scaling: { name: 'energy shortage 25%', energyAvailable: 500, ratio: 0.25 }"},{"ancestorTitles":["Spaceship scaled cost/gain execution"],"duration":1,"failing":false,"failureDetails":[],"failureMessages":[],"fullName":"Spaceship scaled cost/gain execution applies proportional scaling: { name: 'metal shortage 25%', metalAvailable: 250, ratio: 0.25 }","invocations":1,"location":null,"numPassingAsserts":7,"retryReasons":[],"startAt":1775311778979,"status":"passed","title":"applies proportional scaling: { name: 'metal shortage 25%', metalAvailable: 250, ratio: 0.25 }"},{"ancestorTitles":["Spaceship scaled cost/gain execution"],"duration":3,"failing":false,"failureDetails":[],"failureMessages":[],"fullName":"Spaceship scaled cost/gain execution applies proportional scaling: {\n  name: 'combined energy+metal shortage (min ratio)',\n  energyAvailable: 800,\n  metalAvailable: 300,\n  ratio: 0.3\n}","invocations":1,"location":null,"numPassingAsserts":7,"retryReasons":[],"startAt":1775311778980,"status":"passed","title":"applies proportional scaling: {\n  name: 'combined energy+metal shortage (min ratio)',\n  energyAvailable: 800,\n  metalAvailable: 300,\n  ratio: 0.3\n}"},{"ancestorTitles":["Spaceship scaled cost/gain execution"],"duration":3,"failing":false,"failureDetails":[],"failureMessages":[],"fullName":"Spaceship scaled cost/gain execution applies proportional scaling: {\n  name: 'disposal shortage 20%',\n  exportResource: 'trash',\n  trashAvailable: 400,\n  ratio: 0.2\n}","invocations":1,"location":null,"numPassingAsserts":9,"retryReasons":[],"startAt":1775311778983,"status":"passed","title":"applies proportional scaling: {\n  name: 'disposal shortage 20%',\n  exportResource: 'trash',\n  trashAvailable: 400,\n  ratio: 0.2\n}"},{"ancestorTitles":["Spaceship scaled cost/gain execution"],"duration":1,"failing":false,"failureDetails":[],"failureMessages":[],"fullName":"Spaceship scaled cost/gain execution applies proportional scaling: {\n  name: 'disposal shortage with positive pending trash',\n  exportResource: 'trash',\n  trashAvailable: 500,\n  pendingTrash: 100,\n  ratio: 0.3\n}","invocations":1,"location":null,"numPassingAsserts":9,"retryReasons":[],"startAt":1775311778986,"status":"passed","title":"applies proportional scaling: {\n  name: 'disposal shortage with positive pending trash',\n  exportResource: 'trash',\n  trashAvailable: 500,\n  pendingTrash: 100,\n  ratio: 0.3\n}"},{"ancestorTitles":["Spaceship scaled cost/gain execution"],"duration":3,"failing":false,"failureDetails":[],"failureMessages":[],"fullName":"Spaceship scaled cost/gain execution applies proportional scaling: {\n  name: 'disposal shares metal with shipment cost (50%)',\n  exportResource: 'metal',\n  metalAvailable: 1500,\n  ratio: 0.5\n}","invocations":1,"location":null,"numPassingAsserts":8,"retryReasons":[],"startAt":1775311778987,"status":"passed","title":"applies proportional scaling: {\n  name: 'disposal shares metal with shipment cost (50%)',\n  exportResource: 'metal',\n  metalAvailable: 1500,\n  ratio: 0.5\n}"},{"ancestorTitles":["Spaceship scaled cost/gain execution"],"duration":2,"failing":false,"failureDetails":[],"failureMessages":[],"fullName":"Spaceship scaled cost/gain execution applies proportional scaling: {\n  name: 'disposal shares metal with shipment cost (80%)',\n  exportResource: 'metal',\n  metalAvailable: 2400,\n  ratio: 0.8\n}","invocations":1,"location":null,"numPassingAsserts":8,"retryReasons":[],"startAt":1775311778990,"status":"passed","title":"applies proportional scaling: {\n  name: 'disposal shares metal with shipment cost (80%)',\n  exportResource: 'metal',\n  metalAvailable: 2400,\n  ratio: 0.8\n}"},{"ancestorTitles":["Spaceship scaled cost/gain execution"],"duration":1,"failing":false,"failureDetails":[],"failureMessages":[],"fullName":"Spaceship scaled cost/gain execution applies proportional scaling: {\n  name: 'pending energy increases effective affordability',\n  energyAvailable: 1000,\n  pendingEnergy: 500,\n  ratio: 0.75\n}","invocations":1,"location":null,"numPassingAsserts":7,"retryReasons":[],"startAt":1775311778992,"status":"passed","title":"applies proportional scaling: {\n  name: 'pending energy increases effective affordability',\n  energyAvailable: 1000,\n  pendingEnergy: 500,\n  ratio: 0.75\n}"},{"ancestorTitles":["Spaceship scaled cost/gain execution"],"duration":1,"failing":false,"failureDetails":[],"failureMessages":[],"fullName":"Spaceship scaled cost/gain execution applies proportional scaling: { name: 'output limit zero', outputLimitRatio: 0, ratio: 0 }","invocations":1,"location":null,"numPassingAsserts":7,"retryReasons":[],"startAt":1775311778994,"status":"passed","title":"applies proportional scaling: { name: 'output limit zero', outputLimitRatio: 0, ratio: 0 }"},{"ancestorTitles":["Spaceship scaled cost/gain execution"],"duration":1,"failing":false,"failureDetails":[],"failureMessages":[],"fullName":"Spaceship scaled cost/gain execution applies proportional scaling: {\n  name: 'productivity scaling under shortage',\n  productivity: 2,\n  energyAvailable: 1000,\n  ratio: 0.25\n}","invocations":1,"location":null,"numPassingAsserts":7,"retryReasons":[],"startAt":1775311778995,"status":"passed","title":"applies proportional scaling: {\n  name: 'productivity scaling under shortage',\n  productivity: 2,\n  energyAvailable: 1000,\n  ratio: 0.25\n}"},{"ancestorTitles":["Spaceship scaled cost/gain execution"],"duration":2,"failing":false,"failureDetails":[],"failureMessages":[],"fullName":"Spaceship scaled cost/gain execution reuses cached continuous estimate for apply in the same tick/context","invocations":1,"location":null,"numPassingAsserts":4,"retryReasons":[],"startAt":1775311778996,"status":"passed","title":"reuses cached continuous estimate for apply in the same tick/context"},{"ancestorTitles":["Spaceship scaled cost/gain execution"],"duration":1,"failing":false,"failureDetails":[],"failureMessages":[],"fullName":"Spaceship scaled cost/gain execution does not collapse gain to zero when productivity is already cost-limited","invocations":1,"location":null,"numPassingAsserts":4,"retryReasons":[],"startAt":1775311778998,"status":"passed","title":"does not collapse gain to zero when productivity is already cost-limited"},{"ancestorTitles":["Spaceship scaled cost/gain execution"],"duration":2,"failing":false,"failureDetails":[],"failureMessages":[],"fullName":"Spaceship scaled cost/gain execution keeps productivity estimate based on unscaled shipment cost only","invocations":1,"location":null,"numPassingAsserts":3,"retryReasons":[],"startAt":1775311778999,"status":"passed","title":"keeps productivity estimate based on unscaled shipment cost only"}],"endTime":1775311779002,"message":"","name":"C:\\Users\\gabri\\Documents\\Terraforming Titans\\__tests__\\spaceship-scaled-execution.test.js","startTime":1775311778904,"status":"passed","summary":""},{"assertionResults":[{"ancestorTitles":["SpaceExportBaseProject disposal limits without rendered UI"],"duration":7,"failing":false,"failureDetails":[],"failureMessages":[],"fullName":"SpaceExportBaseProject disposal limits without rendered UI applies atmospheric pressure limits even when projectElements are missing","invocations":1,"location":null,"numPassingAsserts":3,"retryReasons":[],"startAt":1775311779055,"status":"passed","title":"applies atmospheric pressure limits even when projectElements are missing"},{"ancestorTitles":["SpaceExportBaseProject disposal limits without rendered UI"],"duration":0,"failing":false,"failureDetails":[],"failureMessages":[],"fullName":"SpaceExportBaseProject disposal limits without rendered UI does not let UI metadata override disposal phase logic","invocations":1,"location":null,"numPassingAsserts":2,"retryReasons":[],"startAt":1775311779063,"status":"passed","title":"does not let UI metadata override disposal phase logic"}],"endTime":1775311779064,"message":"","name":"C:\\Users\\gabri\\Documents\\Terraforming Titans\\__tests__\\space-export-base-disposal-limits.test.js","startTime":1775311779007,"status":"passed","summary":""},{"assertionResults":[{"ancestorTitles":["Project automation visibility"],"duration":1,"failing":false,"failureDetails":[],"failureMessages":[],"fullName":"Project automation visibility keeps Artificial Crust in the project automation picker after visiting a molten world","invocations":1,"location":null,"numPassingAsserts":3,"retryReasons":[],"startAt":1775311779126,"status":"passed","title":"keeps Artificial Crust in the project automation picker after visiting a molten world"},{"ancestorTitles":["Project automation visibility"],"duration":1,"failing":false,"failureDetails":[],"failureMessages":[],"fullName":"Project automation visibility normalizes legacy ever-enabled project names back to project ids","invocations":1,"location":null,"numPassingAsserts":2,"retryReasons":[],"startAt":1775311779127,"status":"passed","title":"normalizes legacy ever-enabled project names back to project ids"},{"ancestorTitles":["Project automation visibility"],"duration":1,"failing":false,"failureDetails":[],"failureMessages":[],"fullName":"Project automation visibility keeps preset projects available in the picker even when they are not relevant on the current world","invocations":1,"location":null,"numPassingAsserts":2,"retryReasons":[],"startAt":1775311779128,"status":"passed","title":"keeps preset projects available in the picker even when they are not relevant on the current world"}],"endTime":1775311779129,"message":"","name":"C:\\Users\\gabri\\Documents\\Terraforming Titans\\__tests__\\project-automation-visibility.test.js","startTime":1775311779073,"status":"passed","summary":""},{"assertionResults":[{"ancestorTitles":["SpaceMiningProject pressure limiter with life buffer"],"duration":5,"failing":false,"failureDetails":[],"failureMessages":[],"fullName":"SpaceMiningProject pressure limiter with life buffer stays 1 Pa below target buffer after life consumes 100 Pa from a low-CO2 start in continuous tick order","invocations":1,"location":null,"numPassingAsserts":7,"retryReasons":[],"startAt":1775311779174,"status":"passed","title":"stays 1 Pa below target buffer after life consumes 100 Pa from a low-CO2 start in continuous tick order"},{"ancestorTitles":["SpaceMiningProject pressure limiter with life buffer"],"duration":1,"failing":false,"failureDetails":[],"failureMessages":[],"fullName":"SpaceMiningProject pressure limiter with life buffer uses life ideal demand instead of current limited consumption for continuous pressure buffering","invocations":1,"location":null,"numPassingAsserts":1,"retryReasons":[],"startAt":1775311779179,"status":"passed","title":"uses life ideal demand instead of current limited consumption for continuous pressure buffering"}],"endTime":1775311779180,"message":"","name":"C:\\Users\\gabri\\Documents\\Terraforming Titans\\__tests__\\space-mining-pressure-buffer.test.js","startTime":1775311779134,"status":"passed","summary":""}],"wasInterrupted":false}
